This is pdfTeX, Version 3.14159265-2.6-1.40.16 (TeX Live 2015) (preloaded format=pdflatex 2015.12.4)  3 OCT 2017 17:13
entering extended mode
 \write18 enabled.
 %&-line parsing enabled.
**TCFM_Menisci.tex
(./TCFM_Menisci.tex
LaTeX2e <2015/01/01>
Babel <3.9l> and hyphenation patterns for 79 languages loaded.
(/usr/local/texlive/2015/texmf-dist/tex/latex/base/fix-cm.sty
Package: fix-cm 2015/01/14 v1.1t fixes to LaTeX

(/usr/local/texlive/2015/texmf-dist/tex/latex/base/ts1enc.def
File: ts1enc.def 2001/06/05 v3.0e (jk/car/fm) Standard LaTeX file
)) (./svjour3.cls
Document Class: svjour3 2007/05/08 v3.2 
LaTeX document class for Springer journals
Class Springer-SVJour3 Info: extra/valid Springer sub-package (-> *.clo) 
(Springer-SVJour3)           not found in option list of \documentclass
(Springer-SVJour3)           - autoactivating "global" style.
(./svglov3.clo
File: svglov3.clo 2009/12/18 v3.2 style option for standardised journals

SVJour Class option: svglov3.clo for standardised journals
)
LaTeX Font Info:    Redeclaring math symbol \Gamma on input line 147.
LaTeX Font Info:    Redeclaring math symbol \Delta on input line 148.
LaTeX Font Info:    Redeclaring math symbol \Theta on input line 149.
LaTeX Font Info:    Redeclaring math symbol \Lambda on input line 150.
LaTeX Font Info:    Redeclaring math symbol \Xi on input line 151.
LaTeX Font Info:    Redeclaring math symbol \Pi on input line 152.
LaTeX Font Info:    Redeclaring math symbol \Sigma on input line 153.
LaTeX Font Info:    Redeclaring math symbol \Upsilon on input line 154.
LaTeX Font Info:    Redeclaring math symbol \Phi on input line 155.
LaTeX Font Info:    Redeclaring math symbol \Psi on input line 156.
LaTeX Font Info:    Redeclaring math symbol \Omega on input line 157.
\logodepth=\dimen102
\headerboxheight=\dimen103
\betweenumberspace=\dimen104
\aftertext=\dimen105
\headlineindent=\dimen106
\c@inst=\count79
\c@auth=\count80
\instindent=\dimen107
\authrun=\box26
\authorrunning=\toks14
\titrun=\box27
\titlerunning=\toks15
\combirun=\box28
\c@lastpage=\count81
\rubricwidth=\dimen108
\c@section=\count82
\c@subsection=\count83
\c@subsubsection=\count84
\c@paragraph=\count85
\c@subparagraph=\count86
\spthmsep=\dimen109
\c@theorem=\count87
\c@case=\count88
\c@conjecture=\count89
\c@corollary=\count90
\c@definition=\count91
\c@example=\count92
\c@exercise=\count93
\c@lemma=\count94
\c@note=\count95
\c@problem=\count96
\c@property=\count97
\c@proposition=\count98
\c@question=\count99
\c@solution=\count100
\c@remark=\count101
\c@figure=\count102
\c@table=\count103
\abovecaptionskip=\skip41
\belowcaptionskip=\skip42
\figcapgap=\dimen110
\tabcapgap=\dimen111
\figgap=\dimen112
\bibindent=\dimen113
\@tempcntc=\count104
) (/usr/local/texlive/2015/texmf-dist/tex/latex/graphics/graphicx.sty
Package: graphicx 2014/10/28 v1.0g Enhanced LaTeX Graphics (DPC,SPQR)

(/usr/local/texlive/2015/texmf-dist/tex/latex/graphics/keyval.sty
Package: keyval 2014/10/28 v1.15 key=value parser (DPC)
\KV@toks@=\toks16
)
(/usr/local/texlive/2015/texmf-dist/tex/latex/graphics/graphics.sty
Package: graphics 2014/10/28 v1.0p Standard LaTeX Graphics (DPC,SPQR)

(/usr/local/texlive/2015/texmf-dist/tex/latex/graphics/trig.sty
Package: trig 1999/03/16 v1.09 sin cos tan (DPC)
)
(/usr/local/texlive/2015/texmf-dist/tex/latex/latexconfig/graphics.cfg
File: graphics.cfg 2010/04/23 v1.9 graphics configuration of TeX Live
)
Package graphics Info: Driver file: pdftex.def on input line 94.

(/usr/local/texlive/2015/texmf-dist/tex/latex/pdftex-def/pdftex.def
File: pdftex.def 2011/05/27 v0.06d Graphics/color for pdfTeX

(/usr/local/texlive/2015/texmf-dist/tex/generic/oberdiek/infwarerr.sty
Package: infwarerr 2010/04/08 v1.3 Providing info/warning/error messages (HO)
)
(/usr/local/texlive/2015/texmf-dist/tex/generic/oberdiek/ltxcmds.sty
Package: ltxcmds 2011/11/09 v1.22 LaTeX kernel commands for general use (HO)
)
\Gread@gobject=\count105
))
\Gin@req@height=\dimen114
\Gin@req@width=\dimen115
)
(/usr/local/texlive/2015/texmf-dist/tex/latex/oberdiek/epstopdf.sty
Package: epstopdf 2010/02/09 v2.5 Conversion with epstopdf on the fly (HO)

(/usr/local/texlive/2015/texmf-dist/tex/latex/oberdiek/epstopdf-base.sty
Package: epstopdf-base 2010/02/09 v2.5 Base part for package epstopdf

(/usr/local/texlive/2015/texmf-dist/tex/latex/oberdiek/grfext.sty
Package: grfext 2010/08/19 v1.1 Manage graphics extensions (HO)

(/usr/local/texlive/2015/texmf-dist/tex/generic/oberdiek/kvdefinekeys.sty
Package: kvdefinekeys 2011/04/07 v1.3 Define keys (HO)
))
(/usr/local/texlive/2015/texmf-dist/tex/latex/oberdiek/kvoptions.sty
Package: kvoptions 2011/06/30 v3.11 Key value format for package options (HO)

(/usr/local/texlive/2015/texmf-dist/tex/generic/oberdiek/kvsetkeys.sty
Package: kvsetkeys 2012/04/25 v1.16 Key value parser (HO)

(/usr/local/texlive/2015/texmf-dist/tex/generic/oberdiek/etexcmds.sty
Package: etexcmds 2011/02/16 v1.5 Avoid name clashes with e-TeX commands (HO)

(/usr/local/texlive/2015/texmf-dist/tex/generic/oberdiek/ifluatex.sty
Package: ifluatex 2010/03/01 v1.3 Provides the ifluatex switch (HO)
Package ifluatex Info: LuaTeX not detected.
)
Package etexcmds Info: Could not find \expanded.
(etexcmds)             That can mean that you are not using pdfTeX 1.50 or
(etexcmds)             that some package has redefined \expanded.
(etexcmds)             In the latter case, load this package earlier.
)))
(/usr/local/texlive/2015/texmf-dist/tex/generic/oberdiek/pdftexcmds.sty
Package: pdftexcmds 2011/11/29 v0.20 Utility functions of pdfTeX for LuaTeX (HO
)

(/usr/local/texlive/2015/texmf-dist/tex/generic/oberdiek/ifpdf.sty
Package: ifpdf 2011/01/30 v2.3 Provides the ifpdf switch (HO)
Package ifpdf Info: pdfTeX in PDF mode is detected.
)
Package pdftexcmds Info: LuaTeX not detected.
Package pdftexcmds Info: \pdf@primitive is available.
Package pdftexcmds Info: \pdf@ifprimitive is available.
Package pdftexcmds Info: \pdfdraftmode found.
)
Package grfext Info: Graphics extension search list:
(grfext)             [.png,.pdf,.jpg,.mps,.jpeg,.jbig2,.jb2,.PNG,.PDF,.JPG,.JPE
G,.JBIG2,.JB2,.eps]
(grfext)             \AppendGraphicsExtensions on input line 452.

(/usr/local/texlive/2015/texmf-dist/tex/latex/latexconfig/epstopdf-sys.cfg
File: epstopdf-sys.cfg 2010/07/13 v1.3 Configuration of (r)epstopdf for TeX Liv
e
)))
(./TCFM_Menisci.aux)
\openout1 = `TCFM_Menisci.aux'.

LaTeX Font Info:    Checking defaults for OML/cmm/m/it on input line 81.
LaTeX Font Info:    ... okay on input line 81.
LaTeX Font Info:    Checking defaults for T1/cmr/m/n on input line 81.
LaTeX Font Info:    ... okay on input line 81.
LaTeX Font Info:    Checking defaults for OT1/cmr/m/n on input line 81.
LaTeX Font Info:    ... okay on input line 81.
LaTeX Font Info:    Checking defaults for OMS/cmsy/m/n on input line 81.
LaTeX Font Info:    ... okay on input line 81.
LaTeX Font Info:    Checking defaults for OMX/cmex/m/n on input line 81.
LaTeX Font Info:    ... okay on input line 81.
LaTeX Font Info:    Checking defaults for U/cmr/m/n on input line 81.
LaTeX Font Info:    ... okay on input line 81.
LaTeX Font Info:    Checking defaults for TS1/cmr/m/n on input line 81.
LaTeX Font Info:    ... okay on input line 81.

(/usr/local/texlive/2015/texmf-dist/tex/context/base/supp-pdf.mkii
[Loading MPS to PDF converter (version 2006.09.02).]
\scratchcounter=\count106
\scratchdimen=\dimen116
\scratchbox=\box29
\nofMPsegments=\count107
\nofMParguments=\count108
\everyMPshowfont=\toks17
\MPscratchCnt=\count109
\MPscratchDim=\dimen117
\MPnumerator=\count110
\makeMPintoPDFobject=\count111
\everyMPtoPDFconversion=\toks18
)
LaTeX Font Info:    External font `cmex10' loaded for size
(Font)              <8> on input line 103.
LaTeX Font Info:    External font `cmex10' loaded for size
(Font)              <6> on input line 103.
LaTeX Font Info:    External font `cmex10' loaded for size
(Font)              <5> on input line 103.
LaTeX Font Info:    External font `cmex10' loaded for size
(Font)              <7> on input line 103.


SVJour3 Warning: Title too long for running head.
Please supply a shorter form with \titlerunning prior to \maketitle

LaTeX Warning: File `Pending_Shapes.eps' not found on input line 135.

Package epstopdf Info: Source file: <Pending_Shapes.eps>
(epstopdf)             Output file: <Pending_Shapes-eps-converted-to.pdf>
(epstopdf)             Command: <epstopdf --outfile=Pending_Shapes-eps-converte
d-to.pdf Pending_Shapes.eps>
(epstopdf)             \includegraphics on input line 135.
Package epstopdf Info: Output file is already uptodate.

! Package pdftex.def Error: File `Pending_Shapes-eps-converted-to.pdf' not foun
d.

See the pdftex.def package documentation for explanation.
Type  H <return>  for immediate help.
 ...                                              
                                                  
l.135 ...[width=0.6\linewidth]{Pending_Shapes.eps}
                                                  
? 

LaTeX Warning: File `Pending_PV.eps' not found on input line 146.

Package epstopdf Info: Source file: <Pending_PV.eps>
(epstopdf)             Output file: <Pending_PV-eps-converted-to.pdf>
(epstopdf)             Command: <epstopdf --outfile=Pending_PV-eps-converted-to
.pdf Pending_PV.eps>
(epstopdf)             \includegraphics on input line 146.
Package epstopdf Info: Output file is already uptodate.

! Package pdftex.def Error: File `Pending_PV-eps-converted-to.pdf' not found.

See the pdftex.def package documentation for explanation.
Type  H <return>  for immediate help.
 ...                                              
                                                  
l.146 ...raphics[width=\linewidth]{Pending_PV.eps}
                                                  
? 

LaTeX Warning: File `Pending_BoV.eps' not found on input line 156.

Package epstopdf Info: Source file: <Pending_BoV.eps>
(epstopdf)             Output file: <Pending_BoV-eps-converted-to.pdf>
(epstopdf)             Command: <epstopdf --outfile=Pending_BoV-eps-converted-t
o.pdf Pending_BoV.eps>
(epstopdf)             \includegraphics on input line 156.
Package epstopdf Info: Output file is already uptodate.

! Package pdftex.def Error: File `Pending_BoV-eps-converted-to.pdf' not found.

See the pdftex.def package documentation for explanation.
Type  H <return>  for immediate help.
 ...                                              
                                                  
l.156 ...ics[width=.48\linewidth]{Pending_BoV.eps}
                                                  
? 

LaTeX Warning: File `Pending_BoP.eps' not found on input line 157.

Package epstopdf Info: Source file: <Pending_BoP.eps>
(epstopdf)             Output file: <Pending_BoP-eps-converted-to.pdf>
(epstopdf)             Command: <epstopdf --outfile=Pending_BoP-eps-converted-t
o.pdf Pending_BoP.eps>
(epstopdf)             \includegraphics on input line 157.
Package epstopdf Info: Output file is already uptodate.

! Package pdftex.def Error: File `Pending_BoP-eps-converted-to.pdf' not found.

See the pdftex.def package documentation for explanation.
Type  H <return>  for immediate help.
 ...                                              
                                                  
l.157 ...ics[width=.48\linewidth]{Pending_BoP.eps}
                                                  
? 

LaTeX Warning: File `Sessile_Shapes.eps' not found on input line 171.

Package epstopdf Info: Source file: <Sessile_Shapes.eps>
(epstopdf)             Output file: <Sessile_Shapes-eps-converted-to.pdf>
(epstopdf)             Command: <epstopdf --outfile=Sessile_Shapes-eps-converte
d-to.pdf Sessile_Shapes.eps>
(epstopdf)             \includegraphics on input line 171.
Package epstopdf Info: Output file is already uptodate.

! Package pdftex.def Error: File `Sessile_Shapes-eps-converted-to.pdf' not foun
d.

See the pdftex.def package documentation for explanation.
Type  H <return>  for immediate help.
 ...                                              
                                                  
l.171 ...ics[width=\linewidth]{Sessile_Shapes.eps}
                                                  
? 

LaTeX Warning: File `Sessile_PV.eps' not found on input line 182.

Package epstopdf Info: Source file: <Sessile_PV.eps>
(epstopdf)             Output file: <Sessile_PV-eps-converted-to.pdf>
(epstopdf)             Command: <epstopdf --outfile=Sessile_PV-eps-converted-to
.pdf Sessile_PV.eps>
(epstopdf)             \includegraphics on input line 182.
Package epstopdf Info: Output file is already uptodate.

! Package pdftex.def Error: File `Sessile_PV-eps-converted-to.pdf' not found.

See the pdftex.def package documentation for explanation.
Type  H <return>  for immediate help.
 ...                                              
                                                  
l.182 ...raphics[width=\linewidth]{Sessile_PV.eps}
                                                  
? 

LaTeX Warning: File `Sessile_BoV.eps' not found on input line 194.

Package epstopdf Info: Source file: <Sessile_BoV.eps>
(epstopdf)             Output file: <Sessile_BoV-eps-converted-to.pdf>
(epstopdf)             Command: <epstopdf --outfile=Sessile_BoV-eps-converted-t
o.pdf Sessile_BoV.eps>
(epstopdf)             \includegraphics on input line 194.
Package epstopdf Info: Output file is already uptodate.

! Package pdftex.def Error: File `Sessile_BoV-eps-converted-to.pdf' not found.

See the pdftex.def package documentation for explanation.
Type  H <return>  for immediate help.
 ...                                              
                                                  
l.194 ...ics[width=.48\linewidth]{Sessile_BoV.eps}
                                                  
? 

LaTeX Warning: File `Sessile_BoP.eps' not found on input line 195.

Package epstopdf Info: Source file: <Sessile_BoP.eps>
(epstopdf)             Output file: <Sessile_BoP-eps-converted-to.pdf>
(epstopdf)             Command: <epstopdf --outfile=Sessile_BoP-eps-converted-t
o.pdf Sessile_BoP.eps>
(epstopdf)             \includegraphics on input line 195.
Package epstopdf Info: Output file is already uptodate.

! Package pdftex.def Error: File `Sessile_BoP-eps-converted-to.pdf' not found.

See the pdftex.def package documentation for explanation.
Type  H <return>  for immediate help.
 ...                                              
                                                  
l.195 ...ics[width=.48\linewidth]{Sessile_BoP.eps}
                                                  
? 
[1{/usr/local/texlive/2015/texmf-var/fonts/map/pdftex/updmap/pdftex.map}]
Overfull \hbox (6.2584pt too wide) in paragraph at lines 215--218
[]\OT1/cmr/m/n/10 Figure 1 shows the Pres-sure/Volume re-la-tion for three case
s ($\OML/cmm/m/it/10 L=a \OT1/cmr/m/n/10 = 1\OML/cmm/m/it/10 :\OT1/cmr/m/n/10 3
; 2; 6$),
 []


LaTeX Warning: File `VPBridges_L1_3.eps' not found on input line 235.

Package epstopdf Info: Source file: <VPBridges_L1_3.eps>
(epstopdf)             Output file: <VPBridges_L1_3-eps-converted-to.pdf>
(epstopdf)             Command: <epstopdf --outfile=VPBridges_L1_3-eps-converte
d-to.pdf VPBridges_L1_3.eps>
(epstopdf)             \includegraphics on input line 235.
Package epstopdf Info: Output file is already uptodate.

! Package pdftex.def Error: File `VPBridges_L1_3-eps-converted-to.pdf' not foun
d.

See the pdftex.def package documentation for explanation.
Type  H <return>  for immediate help.
 ...                                              
                                                  
l.235 ...[width=.45\linewidth]{VPBridges_L1_3.eps}
                                                   &
? 

LaTeX Warning: File `VPBridges_L2.eps' not found on input line 236.

Package epstopdf Info: Source file: <VPBridges_L2.eps>
(epstopdf)             Output file: <VPBridges_L2-eps-converted-to.pdf>
(epstopdf)             Command: <epstopdf --outfile=VPBridges_L2-eps-converted-
to.pdf VPBridges_L2.eps>
(epstopdf)             \includegraphics on input line 236.
Package epstopdf Info: Output file is already uptodate.

! Package pdftex.def Error: File `VPBridges_L2-eps-converted-to.pdf' not found.


See the pdftex.def package documentation for explanation.
Type  H <return>  for immediate help.
 ...                                              
                                                  
l.236 ...cs[width=.45\linewidth]{VPBridges_L2.eps}
                                                   \\
? 

LaTeX Warning: File `VPBridges_L4.eps' not found on input line 238.

Package epstopdf Info: Source file: <VPBridges_L4.eps>
(epstopdf)             Output file: <VPBridges_L4-eps-converted-to.pdf>
(epstopdf)             Command: <epstopdf --outfile=VPBridges_L4-eps-converted-
to.pdf VPBridges_L4.eps>
(epstopdf)             \includegraphics on input line 238.
Package epstopdf Info: Output file is already uptodate.

! Package pdftex.def Error: File `VPBridges_L4-eps-converted-to.pdf' not found.


See the pdftex.def package documentation for explanation.
Type  H <return>  for immediate help.
 ...                                              
                                                  
l.238 ...cs[width=.45\linewidth]{VPBridges_L4.eps}
                                                   &
? 

LaTeX Warning: File `VPBridges_L6.eps' not found on input line 239.

Package epstopdf Info: Source file: <VPBridges_L6.eps>
(epstopdf)             Output file: <VPBridges_L6-eps-converted-to.pdf>
(epstopdf)             Command: <epstopdf --outfile=VPBridges_L6-eps-converted-
to.pdf VPBridges_L6.eps>
(epstopdf)             \includegraphics on input line 239.
Package epstopdf Info: Output file is already uptodate.

! Package pdftex.def Error: File `VPBridges_L6-eps-converted-to.pdf' not found.


See the pdftex.def package documentation for explanation.
Type  H <return>  for immediate help.
 ...                                              
                                                  
l.239 ...cs[width=.45\linewidth]{VPBridges_L6.eps}
                                                   \\
? 

LaTeX Warning: File `Bridges_Shapes.eps' not found on input line 247.

Package epstopdf Info: Source file: <Bridges_Shapes.eps>
(epstopdf)             Output file: <Bridges_Shapes-eps-converted-to.pdf>
(epstopdf)             Command: <epstopdf --outfile=Bridges_Shapes-eps-converte
d-to.pdf Bridges_Shapes.eps>
(epstopdf)             \includegraphics on input line 247.
Package epstopdf Info: Output file is already uptodate.

! Package pdftex.def Error: File `Bridges_Shapes-eps-converted-to.pdf' not foun
d.

See the pdftex.def package documentation for explanation.
Type  H <return>  for immediate help.
 ...                                              
                                                  
l.247 ...s[width=.8\linewidth]{Bridges_Shapes.eps}
                                                  
? 

Underfull \vbox (badness 2547) has occurred while \output is active []

 [2]

LaTeX Warning: File `Eigenvals_TestL4.eps' not found on input line 292.

Package epstopdf Info: Source file: <Eigenvals_TestL4.eps>
(epstopdf)             Output file: <Eigenvals_TestL4-eps-converted-to.pdf>
(epstopdf)             Command: <epstopdf --outfile=Eigenvals_TestL4-eps-conver
ted-to.pdf Eigenvals_TestL4.eps>
(epstopdf)             \includegraphics on input line 292.
Package epstopdf Info: Output file is already uptodate.

! Package pdftex.def Error: File `Eigenvals_TestL4-eps-converted-to.pdf' not fo
und.

See the pdftex.def package documentation for explanation.
Type  H <return>  for immediate help.
 ...                                              
                                                  
l.292 ...width=.5\linewidth]{Eigenvals_TestL4.eps}
                                                  
? 
Missing character: There is no Ã in font cmr8!
Missing character: There is no ¨ in font cmr8!
Missing character: There is no Ã in font cmr8!
Missing character: There is no © in font cmr8!
Missing character: There is no Ã in font cmr8!
Missing character: There is no § in font cmr8!
Missing character: There is no Ã in font cmr8!
Missing character: There is no © in font cmr8!
Missing character: There is no Ã in font cmr8!
Missing character: There is no © in font cmr8!
Missing character: There is no Ã in font cmr8!
Missing character: There is no © in font cmr8!
Missing character: There is no Ã in font cmr8!
Missing character: There is no ¨ in font cmr8!
Missing character: There is no Ã in font cmr8!
Missing character: There is no © in font cmr8!
Missing character: There is no Ã in font cmr8!
Missing character: There is no § in font cmr8!
Missing character: There is no Ã in font cmr8!
Missing character: There is no © in font cmr8!
Missing character: There is no Ã in font cmr8!
Missing character: There is no © in font cmr8!
Missing character: There is no Ã in font cmr8!
Missing character: There is no © in font cmr8!
[3] [4] [5] [6] [7] [8] [9] [10] [11

] [12] [13]
Missing character: There is no Â in font cmr8!
Missing character: There is no   in font cmr8!


! LaTeX Error: File `Curvature.pstex_t' not found.

Type X to quit or <RETURN> to proceed,
or enter new name. (Default extension: pstex_t)

Enter file name: 
Missing character: There is no Ã in font cmr8!
Missing character: There is no © in font cmr8!
Missing character: There is no Ã in font cmr8!
Missing character: There is no © in font cmr8!
Missing character: There is no Ã in font cmr8!
Missing character: There is no © in font cmr8!
Missing character: There is no Ã in font cmr8!
Missing character: There is no © in font cmr8!
Missing character: There is no Ã in font cmr8!
Missing character: There is no © in font cmr8!
Missing character: There is no Ã in font cmr8!
Missing character: There is no © in font cmr8!
Missing character: There is no Ã in font cmr8!
Missing character: There is no © in font cmr8!
Missing character: There is no Ã in font cmr8!
Missing character: There is no   in font cmr8!
Missing character: There is no Ã in font cmr8!
Missing character: There is no © in font cmr8!
Missing character: There is no Ã in font cmr8!
Missing character: There is no   in font cmr8!
Missing character: There is no Ã in font cmr8!
Missing character: There is no © in font cmr8!
Missing character: There is no Ã in font cmr8!
Missing character: There is no © in font cmr8!
Missing character: There is no Ã in font cmr8!
Missing character: There is no © in font cmr8!
Missing character: There is no Ã in font cmr8!
Missing character: There is no © in font cmr8!
Missing character: There is no Ã in font cmr8!
Missing character: There is no © in font cmr8!
Missing character: There is no Ã in font cmr8!
Missing character: There is no © in font cmr8!
Missing character: There is no Ã in font cmr8!
Missing character: There is no © in font cmr8!
Missing character: There is no Ã in font cmr8!
Missing character: There is no © in font cmr8!
Missing character: There is no Ã in font cmr8!
Missing character: There is no ¹ in font cmr8!
Missing character: There is no Ã in font cmr8!
Missing character: There is no   in font cmr8!
Missing character: There is no Ã in font cmr8!
Missing character: There is no © in font cmr8!
[14]
Missing character: There is no Ã in font cmr8!
Missing character: There is no ¹ in font cmr8!
Missing character: There is no Ã in font cmr8!
Missing character: There is no © in font cmr8!
Missing character: There is no Ã in font cmr8!
Missing character: There is no © in font cmr8!
Missing character: There is no Ã in font cmr8!
Missing character: There is no ¹ in font cmr8!
Missing character: There is no Ã in font cmr8!
Missing character: There is no © in font cmr8!
Missing character: There is no Ã in font cmr8!
Missing character: There is no © in font cmr8!
Missing character: There is no Ã in font cmr8!
Missing character: There is no © in font cmr8!
Missing character: There is no Ã in font cmr8!
Missing character: There is no © in font cmr8!
Missing character: There is no Ã in font cmr8!
Missing character: There is no © in font cmr8!
Missing character: There is no Ã in font cmr8!
Missing character: There is no © in font cmr8!
Missing character: There is no Ã in font cmr8!
Missing character: There is no © in font cmr8!
Missing character: There is no Ã in font cmr8!
Missing character: There is no © in font cmr8!
Missing character: There is no Ã in font cmr8!
Missing character: There is no ¨ in font cmr8!
Missing character: There is no Ã in font cmr8!
Missing character: There is no ¨ in font cmr8!
Missing character: There is no Ã in font cmr8!
Missing character: There is no   in font cmr8!
Missing character: There is no Ã in font cmr8!
Missing character: There is no © in font cmr8!
Missing character: There is no Ã in font cmr8!
Missing character: There is no © in font cmr8!
Missing character: There is no Ã in font cmr8!
Missing character: There is no   in font cmr8!
Missing character: There is no Ã in font cmr8!
Missing character: There is no © in font cmr8!
Missing character: There is no Ã in font cmr8!
Missing character: There is no   in font cmr8!
Missing character: There is no Ã in font cmr8!
Missing character: There is no © in font cmr8!
Missing character: There is no Ã in font cmr8!
Missing character: There is no © in font cmr8!
Missing character: There is no Ã in font cmr8!
Missing character: There is no © in font cmr8!
Missing character: There is no Ã in font cmr8!
Missing character: There is no © in font cmr8!
Missing character: There is no Ã in font cmr8!
Missing character: There is no © in font cmr8!
Missing character: There is no Ã in font cmr8!
Missing character: There is no © in font cmr8!
Missing character: There is no Ã in font cmr8!
Missing character: There is no   in font cmr8!
Missing character: There is no Ã in font cmr8!
Missing character: There is no   in font cmr8!
Missing character: There is no Ã in font cmr8!
Missing character: There is no ª in font cmr8!
 [15]
Missing character: There is no Ã in font cmr8!
Missing character: There is no ¨ in font cmr8!
Missing character: There is no Ã in font cmr8!
Missing character: There is no © in font cmr8!
Missing character: There is no Ã in font cmr8!
Missing character: There is no © in font cmr8!
Missing character: There is no Ã in font cmr10!
Missing character: There is no © in font cmr10!
Missing character: There is no Ã in font cmr8!
Missing character: There is no ¨ in font cmr8!
Missing character: There is no Ã in font cmr8!
Missing character: There is no © in font cmr8!
Missing character: There is no Ã in font cmr8!
Missing character: There is no © in font cmr8!
Missing character: There is no Ã in font cmr8!
Missing character: There is no © in font cmr8!
Missing character: There is no Ã in font cmr8!
Missing character: There is no © in font cmr8!
Missing character: There is no Ã in font cmr8!
Missing character: There is no © in font cmr8!
Missing character: There is no Ã in font cmr8!
Missing character: There is no   in font cmr8!
Missing character: There is no Ã in font cmr10!
Missing character: There is no © in font cmr10!
Missing character: There is no Ã in font cmr8!
Missing character: There is no © in font cmr8!
Missing character: There is no Ã in font cmr8!
Missing character: There is no © in font cmr8!
Missing character: There is no Ã in font cmr8!
Missing character: There is no © in font cmr8!
Missing character: There is no Ã in font cmr8!
Missing character: There is no © in font cmr8!
Missing character: There is no Ã in font cmr8!
Missing character: There is no © in font cmr8!
Missing character: There is no Ã in font cmr8!
Missing character: There is no   in font cmr8!
Missing character: There is no Ã in font cmr8!
Missing character: There is no © in font cmr8!
Missing character: There is no Ã in font cmr8!
Missing character: There is no ¹ in font cmr8!
Missing character: There is no Ã in font cmr8!
Missing character: There is no © in font cmr8!
Missing character: There is no Ã in font cmr8!
Missing character: There is no © in font cmr8!
Missing character: There is no Ã in font cmr8!
Missing character: There is no   in font cmr8!
Missing character: There is no Ã in font cmr8!
Missing character: There is no   in font cmr8!
Missing character: There is no Ã in font cmr8!
Missing character: There is no © in font cmr8!
Missing character: There is no Ã in font cmr8!
Missing character: There is no © in font cmr8!
Missing character: There is no Ã in font cmr8!
Missing character: There is no ´ in font cmr8!
Missing character: There is no Ã in font cmr8!
Missing character: There is no © in font cmr8!
Missing character: There is no Ã in font cmr8!
Missing character: There is no ª in font cmr8!
Missing character: There is no Ã in font cmr8!
Missing character: There is no © in font cmr8!
Missing character: There is no Ã in font cmr8!
Missing character: There is no © in font cmr8!
Missing character: There is no Ã in font cmr8!
Missing character: There is no © in font cmr8!
 [16]
Missing character: There is no Ã in font cmr8!
Missing character: There is no © in font cmr8!
Missing character: There is no Ã in font cmr8!
Missing character: There is no © in font cmr8!
Missing character: There is no Ã in font cmr10!
Missing character: There is no © in font cmr10!
Missing character: There is no Ã in font cmr10!
Missing character: There is no © in font cmr10!
Missing character: There is no Ã in font cmr8!
Missing character: There is no ¨ in font cmr8!
Missing character: There is no Ã in font cmr8!
Missing character: There is no © in font cmr8!
Missing character: There is no Ã in font cmr8!
Missing character: There is no © in font cmr8!
Missing character: There is no Ã in font cmr8!
Missing character: There is no   in font cmr8!
Missing character: There is no Ã in font cmr8!
Missing character: There is no © in font cmr8!
Missing character: There is no Ã in font cmr8!
Missing character: There is no   in font cmr8!
Missing character: There is no Ã in font cmr8!
Missing character: There is no © in font cmr8!
Missing character: There is no Ã in font cmr8!
Missing character: There is no   in font cmr8!
Missing character: There is no Ã in font cmr8!
Missing character: There is no © in font cmr8!
Missing character: There is no Ã in font cmr8!
Missing character: There is no © in font cmr8!
Missing character: There is no Ã in font cmr8!
Missing character: There is no © in font cmr8!
Missing character: There is no Ã in font cmr8!
Missing character: There is no © in font cmr8!
Missing character: There is no Ã in font cmr8!
Missing character: There is no © in font cmr8!
Missing character: There is no Ã in font cmr8!
Missing character: There is no   in font cmr8!
Missing character: There is no Ã in font cmr8!
Missing character: There is no ¹ in font cmr8!
Missing character: There is no Ã in font cmr8!
Missing character: There is no © in font cmr8!
Missing character: There is no Ã in font cmr8!
Missing character: There is no © in font cmr8!
Missing character: There is no Ã in font cmr8!
Missing character: There is no © in font cmr8!
Missing character: There is no Ã in font cmr8!
Missing character: There is no © in font cmr8!
Missing character: There is no Ã in font cmr8!
Missing character: There is no © in font cmr8!
Missing character: There is no Ã in font cmr8!
Missing character: There is no © in font cmr8!
Missing character: There is no Ã in font cmr8!
Missing character: There is no   in font cmr8!
Missing character: There is no Ã in font cmr8!
Missing character: There is no ¨ in font cmr8!
Missing character: There is no Ã in font cmr8!
Missing character: There is no © in font cmr8!
Missing character: There is no Ã in font cmr8!
Missing character: There is no © in font cmr8!
Missing character: There is no Ã in font cmr8!
Missing character: There is no   in font cmr8!
Missing character: There is no Ã in font cmr8!
Missing character: There is no © in font cmr8!
Missing character: There is no Ã in font cmr8!
Missing character: There is no   in font cmr8!
Missing character: There is no Ã in font cmr8!
Missing character: There is no © in font cmr8!
Missing character: There is no Ã in font cmr8!
Missing character: There is no © in font cmr8!
Missing character: There is no Ã in font cmr8!
Missing character: There is no ¨ in font cmr8!
Missing character: There is no Ã in font cmr8!
Missing character: There is no © in font cmr8!
Missing character: There is no Ã in font cmr8!
Missing character: There is no © in font cmr8!
Missing character: There is no Ã in font cmr8!
Missing character: There is no   in font cmr8!
Missing character: There is no Ã in font cmr8!
Missing character: There is no © in font cmr8!
Missing character: There is no Ã in font cmr8!
Missing character: There is no © in font cmr8!
Missing character: There is no Ã in font cmr8!
Missing character: There is no © in font cmr8!
Missing character: There is no Ã in font cmr8!
Missing character: There is no © in font cmr8!
Missing character: There is no Ã in font cmr8!
Missing character: There is no   in font cmr8!
Missing character: There is no Ã in font cmr8!
Missing character: There is no © in font cmr8!
Missing character: There is no Ã in font cmr8!
Missing character: There is no © in font cmr8!
Missing character: There is no Ã in font cmr8!
Missing character: There is no ¨ in font cmr8!
Missing character: There is no Ã in font cmr8!
Missing character: There is no © in font cmr8!
Missing character: There is no Ã in font cmr8!
Missing character: There is no ¨ in font cmr8!
Missing character: There is no Ã in font cmr8!
Missing character: There is no © in font cmr8!
Missing character: There is no Ã in font cmr8!
Missing character: There is no   in font cmr8!
Missing character: There is no Ã in font cmr8!
Missing character: There is no   in font cmr8!
Missing character: There is no Ã in font cmr8!
Missing character: There is no   in font cmr8!
Missing character: There is no Ã in font cmr8!
Missing character: There is no © in font cmr8!
Missing character: There is no Ã in font cmr8!
Missing character: There is no © in font cmr8!
Missing character: There is no Ã in font cmr10!
Missing character: There is no © in font cmr10!
Missing character: There is no Ã in font cmr8!
Missing character: There is no © in font cmr8!
Missing character: There is no Ã in font cmr8!
Missing character: There is no ¨ in font cmr8!
 [17]
Missing character: There is no Ã in font cmr8!
Missing character: There is no © in font cmr8!
 [18] (./TCFM_Menisci.aux) ) 
Here is how much of TeX's memory you used:
 2223 strings out of 493089
 33353 string characters out of 6134842
 96426 words of memory out of 5000000
 5683 multiletter control sequences out of 15000+600000
 10134 words of font info for 36 fonts, out of 8000000 for 9000
 1141 hyphenation exceptions out of 8191
 42i,10n,23p,612b,276s stack positions out of 5000i,500n,10000p,200000b,80000s
</usr/local/texlive/2015/texmf-dist/fonts/type1/pub
lic/amsfonts/cm/cmbx10.pfb></usr/local/texlive/2015/texmf-dist/fonts/type1/publ
ic/amsfonts/cm/cmbx12.pfb></usr/local/texlive/2015/texmf-dist/fonts/type1/publi
c/amsfonts/cm/cmbx6.pfb></usr/local/texlive/2015/texmf-dist/fonts/type1/public/
amsfonts/cm/cmbx8.pfb></usr/local/texlive/2015/texmf-dist/fonts/type1/public/am
sfonts/cm/cmex10.pfb></usr/local/texlive/2015/texmf-dist/fonts/type1/public/ams
fonts/cm/cmmi10.pfb></usr/local/texlive/2015/texmf-dist/fonts/type1/public/amsf
onts/cm/cmmi6.pfb></usr/local/texlive/2015/texmf-dist/fonts/type1/public/amsfon
ts/cm/cmmi8.pfb></usr/local/texlive/2015/texmf-dist/fonts/type1/public/amsfonts
/cm/cmr10.pfb></usr/local/texlive/2015/texmf-dist/fonts/type1/public/amsfonts/c
m/cmr6.pfb></usr/local/texlive/2015/texmf-dist/fonts/type1/public/amsfonts/cm/c
mr8.pfb></usr/local/texlive/2015/texmf-dist/fonts/type1/public/amsfonts/cm/cmsy
10.pfb></usr/local/texlive/2015/texmf-dist/fonts/type1/public/amsfonts/cm/cmsy6
.pfb></usr/local/texlive/2015/texmf-dist/fonts/type1/public/amsfonts/cm/cmsy8.p
fb></usr/local/texlive/2015/texmf-dist/fonts/type1/public/amsfonts/cm/cmti8.pfb
></usr/local/texlive/2015/texmf-dist/fonts/type1/public/amsfonts/cm/cmtt10.pfb>
</usr/local/texlive/2015/texmf-dist/fonts/type1/public/amsfonts/cm/cmtt8.pfb>
Output written on TCFM_Menisci.pdf (18 pages, 234976 bytes).
PDF statistics:
 130 PDF objects out of 1000 (max. 8388607)
 92 compressed objects within 1 object stream
 0 named destinations out of 1000 (max. 500000)
 1 words of extra memory for PDF output out of 10000 (max. 10000000)

