This is pdfTeX, Version 3.1415926-1.40.11 (TeX Live 2010) (format=pdflatex 2011.2.22)  18 JUL 2013 16:57
entering extended mode
 restricted \write18 enabled.
 %&-line parsing enabled.
**Rapport.tex
(./Rapport.tex
LaTeX2e <2009/09/24>
Babel <v3.8l> and hyphenation patterns for english, dumylang, nohyphenation, ge
rman-x-2009-06-19, ngerman-x-2009-06-19, ancientgreek, ibycus, arabic, armenian
, basque, bulgarian, catalan, pinyin, coptic, croatian, czech, danish, dutch, u
kenglish, usenglishmax, esperanto, estonian, farsi, finnish, french, galician, 
german, ngerman, swissgerman, monogreek, greek, hungarian, icelandic, assamese,
 bengali, gujarati, hindi, kannada, malayalam, marathi, oriya, panjabi, tamil, 
telugu, indonesian, interlingua, irish, italian, kurmanji, lao, latin, latvian,
 lithuanian, mongolian, mongolianlmc, bokmal, nynorsk, polish, portuguese, roma
nian, russian, sanskrit, serbian, slovak, slovenian, spanish, swedish, turkish,
 turkmen, ukrainian, uppersorbian, welsh, loaded.
(/usr/share/texmf/tex/latex/base/report.cls
Document Class: report 2007/10/19 v1.4h Standard LaTeX document class
(/usr/share/texmf/tex/latex/base/size10.clo
File: size10.clo 2007/10/19 v1.4h Standard LaTeX file (size option)
)
\c@part=\count79
\c@chapter=\count80
\c@section=\count81
\c@subsection=\count82
\c@subsubsection=\count83
\c@paragraph=\count84
\c@subparagraph=\count85
\c@figure=\count86
\c@table=\count87
\abovecaptionskip=\skip41
\belowcaptionskip=\skip42
\bibindent=\dimen102
)
(/usr/share/texmf/tex/latex/hyperref/hyperref.sty
Package: hyperref 2010/06/18 v6.81g Hypertext links for LaTeX

(/usr/share/texmf/tex/generic/oberdiek/ltxcmds.sty
Package: ltxcmds 2010/04/26 v1.7 LaTeX kernel commands for general use (HO)
)
(/usr/share/texmf/tex/latex/graphics/keyval.sty
Package: keyval 1999/03/16 v1.13 key=value parser (DPC)
\KV@toks@=\toks14
)
(/usr/share/texmf/tex/generic/oberdiek/kvsetkeys.sty
Package: kvsetkeys 2010/03/01 v1.9 Key value parser (HO)

(/usr/share/texmf/tex/generic/oberdiek/infwarerr.sty
Package: infwarerr 2010/04/08 v1.3 Providing info/warning/message (HO)
)
(/usr/share/texmf/tex/generic/oberdiek/etexcmds.sty
Package: etexcmds 2010/01/28 v1.3 Prefix for e-TeX command names (HO)
Package etexcmds Info: Could not find \expanded.
(etexcmds)             That can mean that you are not using pdfTeX 1.50 or
(etexcmds)             that some package has redefined \expanded.
(etexcmds)             In the latter case, load this package earlier.
))
(/usr/share/texmf/tex/generic/oberdiek/pdfescape.sty
Package: pdfescape 2010/03/01 v1.9 Provides hex, PDF name and string conversion
s (HO)

(/usr/share/texmf/tex/generic/oberdiek/pdftexcmds.sty
Package: pdftexcmds 2010/04/01 v0.9 Utility functions of pdfTeX for LuaTeX (HO)


(/usr/share/texmf/tex/generic/oberdiek/ifluatex.sty
Package: ifluatex 2010/03/01 v1.3 Provides the ifluatex switch (HO)
Package ifluatex Info: LuaTeX not detected.
)
Package pdftexcmds Info: LuaTeX not detected.
Package pdftexcmds Info: \pdf@primitive is available.
Package pdftexcmds Info: \pdf@ifprimitive is available.
))
(/usr/share/texmf/tex/generic/oberdiek/ifpdf.sty
Package: ifpdf 2010/01/28 v2.1 Provides the ifpdf switch (HO)
Package ifpdf Info: pdfTeX in pdf mode detected.
)
(/usr/share/texmf/tex/generic/oberdiek/ifvtex.sty
Package: ifvtex 2010/03/01 v1.5 Switches for detecting VTeX and its modes (HO)
Package ifvtex Info: VTeX not detected.
)
(/usr/share/texmf/tex/generic/ifxetex/ifxetex.sty
Package: ifxetex 2009/01/23 v0.5 Provides ifxetex conditional
)
(/usr/share/texmf/tex/latex/oberdiek/hycolor.sty
Package: hycolor 2009/12/12 v1.6 Color options of hyperref/bookmark (HO)

(/usr/share/texmf/tex/latex/oberdiek/xcolor-patch.sty
Package: xcolor-patch 2009/12/12 xcolor patch
))
(/usr/share/texmf/tex/latex/oberdiek/letltxmacro.sty
Package: letltxmacro 2008/06/24 v1.3 Let assignment for LaTeX macros (HO)
)
\@linkdim=\dimen103
\Hy@linkcounter=\count88
\Hy@pagecounter=\count89

(/usr/share/texmf/tex/latex/hyperref/pd1enc.def
File: pd1enc.def 2010/06/18 v6.81g Hyperref: PDFDocEncoding definition (HO)
)
(/usr/share/texmf/tex/generic/oberdiek/intcalc.sty
Package: intcalc 2007/09/27 v1.1 Expandable integer calculations (HO)
)
(/usr/share/texmf/tex/latex/latexconfig/hyperref.cfg
File: hyperref.cfg 2002/06/06 v1.2 hyperref configuration of TeXLive
)
(/usr/share/texmf/tex/latex/oberdiek/kvoptions.sty
Package: kvoptions 2010/02/22 v3.7 Keyval support for LaTeX options (HO)
)
Package hyperref Info: Hyper figures OFF on input line 3658.
Package hyperref Info: Link nesting OFF on input line 3663.
Package hyperref Info: Hyper index ON on input line 3666.
Package hyperref Info: Plain pages OFF on input line 3673.
Package hyperref Info: Backreferencing OFF on input line 3678.

Implicit mode ON; LaTeX internals redefined
Package hyperref Info: Bookmarks ON on input line 3874.
(/usr/share/texmf/tex/latex/url/url.sty
\Urlmuskip=\muskip10
Package: url 2006/04/12  ver 3.3  Verb mode for urls, etc.
)
LaTeX Info: Redefining \url on input line 4159.

(/usr/share/texmf/tex/generic/oberdiek/bitset.sty
Package: bitset 2007/09/28 v1.0 Data type bit set (HO)

(/usr/share/texmf/tex/generic/oberdiek/bigintcalc.sty
Package: bigintcalc 2007/11/11 v1.1 Expandable big integer calculations (HO)
))
\Fld@menulength=\count90
\Field@Width=\dimen104
\Fld@charsize=\dimen105
\Field@toks=\toks15
Package hyperref Info: Hyper figures OFF on input line 5137.
Package hyperref Info: Link nesting OFF on input line 5142.
Package hyperref Info: Hyper index ON on input line 5145.
Package hyperref Info: backreferencing OFF on input line 5152.
Package hyperref Info: Link coloring OFF on input line 5157.
Package hyperref Info: Link coloring with OCG OFF on input line 5162.
Package hyperref Info: PDF/A mode OFF on input line 5167.
LaTeX Info: Redefining \ref on input line 5207.
LaTeX Info: Redefining \pageref on input line 5211.

(/usr/share/texmf/tex/generic/oberdiek/atbegshi.sty
Package: atbegshi 2010/03/25 v1.12 At begin shipout hook (HO)
)
\Hy@abspage=\count91
\c@Item=\count92
\c@Hfootnote=\count93
)
* hyperref using default driver hpdftex *
(/usr/share/texmf/tex/latex/hyperref/hpdftex.def
File: hpdftex.def 2010/06/18 v6.81g Hyperref driver for pdfTeX

(/usr/share/texmf/tex/latex/oberdiek/atveryend.sty
Package: atveryend 2010/03/24 v1.5 Hooks at very end of document (HO)
Package atveryend Info: \enddocument detected (standard).
)
\Fld@listcount=\count94
\c@bookmark@seq@number=\count95

(/usr/share/texmf/tex/latex/oberdiek/rerunfilecheck.sty
Package: rerunfilecheck 2010/03/16 v1.6 Rerun checks for auxiliary files (HO)

(/usr/share/texmf/tex/generic/oberdiek/uniquecounter.sty
Package: uniquecounter 2009/12/18 v1.1 Provides unlimited unique counter (HO)
)
Package uniquecounter Info: New unique counter `rerunfilecheck' on input line 2
71.
)
\Hy@SectionHShift=\skip43
)
Package hyperref Info: Option `colorlinks' set `true' on input line 3.
Package hyperref Info: Option `pdftoolbar' set `true' on input line 3.

(/usr/share/texmf/tex/latex/amsmath/amsmath.sty
Package: amsmath 2000/07/18 v2.13 AMS math features
\@mathmargin=\skip44

For additional information on amsmath, use the `?' option.
(/usr/share/texmf/tex/latex/amsmath/amstext.sty
Package: amstext 2000/06/29 v2.01

(/usr/share/texmf/tex/latex/amsmath/amsgen.sty
File: amsgen.sty 1999/11/30 v2.0
\@emptytoks=\toks16
\ex@=\dimen106
))
(/usr/share/texmf/tex/latex/amsmath/amsbsy.sty
Package: amsbsy 1999/11/29 v1.2d
\pmbraise@=\dimen107
)
(/usr/share/texmf/tex/latex/amsmath/amsopn.sty
Package: amsopn 1999/12/14 v2.01 operator names
)
\inf@bad=\count96
LaTeX Info: Redefining \frac on input line 211.
\uproot@=\count97
\leftroot@=\count98
LaTeX Info: Redefining \overline on input line 307.
\classnum@=\count99
\DOTSCASE@=\count100
LaTeX Info: Redefining \ldots on input line 379.
LaTeX Info: Redefining \dots on input line 382.
LaTeX Info: Redefining \cdots on input line 467.
\Mathstrutbox@=\box26
\strutbox@=\box27
\big@size=\dimen108
LaTeX Font Info:    Redeclaring font encoding OML on input line 567.
LaTeX Font Info:    Redeclaring font encoding OMS on input line 568.
\macc@depth=\count101
\c@MaxMatrixCols=\count102
\dotsspace@=\muskip11
\c@parentequation=\count103
\dspbrk@lvl=\count104
\tag@help=\toks17
\row@=\count105
\column@=\count106
\maxfields@=\count107
\andhelp@=\toks18
\eqnshift@=\dimen109
\alignsep@=\dimen110
\tagshift@=\dimen111
\tagwidth@=\dimen112
\totwidth@=\dimen113
\lineht@=\dimen114
\@envbody=\toks19
\multlinegap=\skip45
\multlinetaggap=\skip46
\mathdisplay@stack=\toks20
LaTeX Info: Redefining \[ on input line 2666.
LaTeX Info: Redefining \] on input line 2667.
)
(/usr/share/texmf/tex/latex/amscls/amsthm.sty
Package: amsthm 2004/08/06 v2.20
\thm@style=\toks21
\thm@bodyfont=\toks22
\thm@headfont=\toks23
\thm@notefont=\toks24
\thm@headpunct=\toks25
\thm@preskip=\skip47
\thm@postskip=\skip48
\thm@headsep=\skip49
\dth@everypar=\toks26
)
(/usr/share/texmf/tex/latex/amsmath/amscd.sty
Package: amscd 1999/11/29 v1.2d
\athelp@=\toks27
\minaw@=\dimen115
\bigaw@=\dimen116
\minCDarrowwidth=\dimen117
)
(/usr/share/texmf/tex/latex/amsfonts/amssymb.sty
Package: amssymb 2009/06/22 v3.00

(/usr/share/texmf/tex/latex/amsfonts/amsfonts.sty
Package: amsfonts 2009/06/22 v3.00 Basic AMSFonts support
\symAMSa=\mathgroup4
\symAMSb=\mathgroup5
LaTeX Font Info:    Overwriting math alphabet `\mathfrak' in version `bold'
(Font)                  U/euf/m/n --> U/euf/b/n on input line 96.
))
(/usr/share/texmf/tex/latex/jknapltx/mathrsfs.sty
Package: mathrsfs 1996/01/01 Math RSFS package v1.0 (jk)
\symrsfs=\mathgroup6
)
(/usr/share/texmf/tex/latex/tools/multicol.sty
Package: multicol 2008/12/05 v1.6h multicolumn formatting (FMi)
\c@tracingmulticols=\count108
\mult@box=\box28
\multicol@leftmargin=\dimen118
\c@unbalance=\count109
\c@collectmore=\count110
\doublecol@number=\count111
\multicoltolerance=\count112
\multicolpretolerance=\count113
\full@width=\dimen119
\page@free=\dimen120
\premulticols=\dimen121
\postmulticols=\dimen122
\multicolsep=\skip50
\multicolbaselineskip=\skip51
\partial@page=\box29
\last@line=\box30
\mult@rightbox=\box31
\mult@grightbox=\box32
\mult@gfirstbox=\box33
\mult@firstbox=\box34
\@tempa=\box35
\@tempa=\box36
\@tempa=\box37
\@tempa=\box38
\@tempa=\box39
\@tempa=\box40
\@tempa=\box41
\@tempa=\box42
\@tempa=\box43
\@tempa=\box44
\@tempa=\box45
\@tempa=\box46
\@tempa=\box47
\@tempa=\box48
\@tempa=\box49
\@tempa=\box50
\@tempa=\box51
\c@columnbadness=\count114
\c@finalcolumnbadness=\count115
\last@try=\dimen123
\multicolovershoot=\dimen124
\multicolundershoot=\dimen125
\mult@nat@firstbox=\box52
\colbreak@box=\box53
)
(/usr/share/texmf/tex/latex/base/inputenc.sty
Package: inputenc 2008/03/30 v1.1d Input encoding file
\inpenc@prehook=\toks28
\inpenc@posthook=\toks29

(/usr/share/texmf/tex/latex/base/utf8.def
File: utf8.def 2008/04/05 v1.1m UTF-8 support for inputenc
Now handling font encoding OML ...
... no UTF-8 mapping file for font encoding OML
Now handling font encoding T1 ...
... processing UTF-8 mapping file for font encoding T1

(/usr/share/texmf/tex/latex/base/t1enc.dfu
File: t1enc.dfu 2008/04/05 v1.1m UTF-8 support for inputenc
   defining Unicode char U+00A1 (decimal 161)
   defining Unicode char U+00A3 (decimal 163)
   defining Unicode char U+00AB (decimal 171)
   defining Unicode char U+00BB (decimal 187)
   defining Unicode char U+00BF (decimal 191)
   defining Unicode char U+00C0 (decimal 192)
   defining Unicode char U+00C1 (decimal 193)
   defining Unicode char U+00C2 (decimal 194)
   defining Unicode char U+00C3 (decimal 195)
   defining Unicode char U+00C4 (decimal 196)
   defining Unicode char U+00C5 (decimal 197)
   defining Unicode char U+00C6 (decimal 198)
   defining Unicode char U+00C7 (decimal 199)
   defining Unicode char U+00C8 (decimal 200)
   defining Unicode char U+00C9 (decimal 201)
   defining Unicode char U+00CA (decimal 202)
   defining Unicode char U+00CB (decimal 203)
   defining Unicode char U+00CC (decimal 204)
   defining Unicode char U+00CD (decimal 205)
   defining Unicode char U+00CE (decimal 206)
   defining Unicode char U+00CF (decimal 207)
   defining Unicode char U+00D0 (decimal 208)
   defining Unicode char U+00D1 (decimal 209)
   defining Unicode char U+00D2 (decimal 210)
   defining Unicode char U+00D3 (decimal 211)
   defining Unicode char U+00D4 (decimal 212)
   defining Unicode char U+00D5 (decimal 213)
   defining Unicode char U+00D6 (decimal 214)
   defining Unicode char U+00D8 (decimal 216)
   defining Unicode char U+00D9 (decimal 217)
   defining Unicode char U+00DA (decimal 218)
   defining Unicode char U+00DB (decimal 219)
   defining Unicode char U+00DC (decimal 220)
   defining Unicode char U+00DD (decimal 221)
   defining Unicode char U+00DE (decimal 222)
   defining Unicode char U+00DF (decimal 223)
   defining Unicode char U+00E0 (decimal 224)
   defining Unicode char U+00E1 (decimal 225)
   defining Unicode char U+00E2 (decimal 226)
   defining Unicode char U+00E3 (decimal 227)
   defining Unicode char U+00E4 (decimal 228)
   defining Unicode char U+00E5 (decimal 229)
   defining Unicode char U+00E6 (decimal 230)
   defining Unicode char U+00E7 (decimal 231)
   defining Unicode char U+00E8 (decimal 232)
   defining Unicode char U+00E9 (decimal 233)
   defining Unicode char U+00EA (decimal 234)
   defining Unicode char U+00EB (decimal 235)
   defining Unicode char U+00EC (decimal 236)
   defining Unicode char U+00ED (decimal 237)
   defining Unicode char U+00EE (decimal 238)
   defining Unicode char U+00EF (decimal 239)
   defining Unicode char U+00F0 (decimal 240)
   defining Unicode char U+00F1 (decimal 241)
   defining Unicode char U+00F2 (decimal 242)
   defining Unicode char U+00F3 (decimal 243)
   defining Unicode char U+00F4 (decimal 244)
   defining Unicode char U+00F5 (decimal 245)
   defining Unicode char U+00F6 (decimal 246)
   defining Unicode char U+00F8 (decimal 248)
   defining Unicode char U+00F9 (decimal 249)
   defining Unicode char U+00FA (decimal 250)
   defining Unicode char U+00FB (decimal 251)
   defining Unicode char U+00FC (decimal 252)
   defining Unicode char U+00FD (decimal 253)
   defining Unicode char U+00FE (decimal 254)
   defining Unicode char U+00FF (decimal 255)
   defining Unicode char U+0102 (decimal 258)
   defining Unicode char U+0103 (decimal 259)
   defining Unicode char U+0104 (decimal 260)
   defining Unicode char U+0105 (decimal 261)
   defining Unicode char U+0106 (decimal 262)
   defining Unicode char U+0107 (decimal 263)
   defining Unicode char U+010C (decimal 268)
   defining Unicode char U+010D (decimal 269)
   defining Unicode char U+010E (decimal 270)
   defining Unicode char U+010F (decimal 271)
   defining Unicode char U+0110 (decimal 272)
   defining Unicode char U+0111 (decimal 273)
   defining Unicode char U+0118 (decimal 280)
   defining Unicode char U+0119 (decimal 281)
   defining Unicode char U+011A (decimal 282)
   defining Unicode char U+011B (decimal 283)
   defining Unicode char U+011E (decimal 286)
   defining Unicode char U+011F (decimal 287)
   defining Unicode char U+0130 (decimal 304)
   defining Unicode char U+0131 (decimal 305)
   defining Unicode char U+0132 (decimal 306)
   defining Unicode char U+0133 (decimal 307)
   defining Unicode char U+0139 (decimal 313)
   defining Unicode char U+013A (decimal 314)
   defining Unicode char U+013D (decimal 317)
   defining Unicode char U+013E (decimal 318)
   defining Unicode char U+0141 (decimal 321)
   defining Unicode char U+0142 (decimal 322)
   defining Unicode char U+0143 (decimal 323)
   defining Unicode char U+0144 (decimal 324)
   defining Unicode char U+0147 (decimal 327)
   defining Unicode char U+0148 (decimal 328)
   defining Unicode char U+014A (decimal 330)
   defining Unicode char U+014B (decimal 331)
   defining Unicode char U+0150 (decimal 336)
   defining Unicode char U+0151 (decimal 337)
   defining Unicode char U+0152 (decimal 338)
   defining Unicode char U+0153 (decimal 339)
   defining Unicode char U+0154 (decimal 340)
   defining Unicode char U+0155 (decimal 341)
   defining Unicode char U+0158 (decimal 344)
   defining Unicode char U+0159 (decimal 345)
   defining Unicode char U+015A (decimal 346)
   defining Unicode char U+015B (decimal 347)
   defining Unicode char U+015E (decimal 350)
   defining Unicode char U+015F (decimal 351)
   defining Unicode char U+0160 (decimal 352)
   defining Unicode char U+0161 (decimal 353)
   defining Unicode char U+0162 (decimal 354)
   defining Unicode char U+0163 (decimal 355)
   defining Unicode char U+0164 (decimal 356)
   defining Unicode char U+0165 (decimal 357)
   defining Unicode char U+016E (decimal 366)
   defining Unicode char U+016F (decimal 367)
   defining Unicode char U+0170 (decimal 368)
   defining Unicode char U+0171 (decimal 369)
   defining Unicode char U+0178 (decimal 376)
   defining Unicode char U+0179 (decimal 377)
   defining Unicode char U+017A (decimal 378)
   defining Unicode char U+017B (decimal 379)
   defining Unicode char U+017C (decimal 380)
   defining Unicode char U+017D (decimal 381)
   defining Unicode char U+017E (decimal 382)
   defining Unicode char U+200C (decimal 8204)
   defining Unicode char U+2013 (decimal 8211)
   defining Unicode char U+2014 (decimal 8212)
   defining Unicode char U+2018 (decimal 8216)
   defining Unicode char U+2019 (decimal 8217)
   defining Unicode char U+201A (decimal 8218)
   defining Unicode char U+201C (decimal 8220)
   defining Unicode char U+201D (decimal 8221)
   defining Unicode char U+201E (decimal 8222)
   defining Unicode char U+2030 (decimal 8240)
   defining Unicode char U+2031 (decimal 8241)
   defining Unicode char U+2039 (decimal 8249)
   defining Unicode char U+203A (decimal 8250)
   defining Unicode char U+2423 (decimal 9251)
)
Now handling font encoding OT1 ...
... processing UTF-8 mapping file for font encoding OT1

(/usr/share/texmf/tex/latex/base/ot1enc.dfu
File: ot1enc.dfu 2008/04/05 v1.1m UTF-8 support for inputenc
   defining Unicode char U+00A1 (decimal 161)
   defining Unicode char U+00A3 (decimal 163)
   defining Unicode char U+00B8 (decimal 184)
   defining Unicode char U+00BF (decimal 191)
   defining Unicode char U+00C5 (decimal 197)
   defining Unicode char U+00C6 (decimal 198)
   defining Unicode char U+00D8 (decimal 216)
   defining Unicode char U+00DF (decimal 223)
   defining Unicode char U+00E6 (decimal 230)
   defining Unicode char U+00EC (decimal 236)
   defining Unicode char U+00ED (decimal 237)
   defining Unicode char U+00EE (decimal 238)
   defining Unicode char U+00EF (decimal 239)
   defining Unicode char U+00F8 (decimal 248)
   defining Unicode char U+0131 (decimal 305)
   defining Unicode char U+0141 (decimal 321)
   defining Unicode char U+0142 (decimal 322)
   defining Unicode char U+0152 (decimal 338)
   defining Unicode char U+0153 (decimal 339)
   defining Unicode char U+2013 (decimal 8211)
   defining Unicode char U+2014 (decimal 8212)
   defining Unicode char U+2018 (decimal 8216)
   defining Unicode char U+2019 (decimal 8217)
   defining Unicode char U+201C (decimal 8220)
   defining Unicode char U+201D (decimal 8221)
)
Now handling font encoding OMS ...
... processing UTF-8 mapping file for font encoding OMS

(/usr/share/texmf/tex/latex/base/omsenc.dfu
File: omsenc.dfu 2008/04/05 v1.1m UTF-8 support for inputenc
   defining Unicode char U+00A7 (decimal 167)
   defining Unicode char U+00B6 (decimal 182)
   defining Unicode char U+00B7 (decimal 183)
   defining Unicode char U+2020 (decimal 8224)
   defining Unicode char U+2021 (decimal 8225)
   defining Unicode char U+2022 (decimal 8226)
)
Now handling font encoding OMX ...
... no UTF-8 mapping file for font encoding OMX
Now handling font encoding U ...
... no UTF-8 mapping file for font encoding U
Now handling font encoding PD1 ...
... no UTF-8 mapping file for font encoding PD1
   defining Unicode char U+00A9 (decimal 169)
   defining Unicode char U+00AA (decimal 170)
   defining Unicode char U+00AE (decimal 174)
   defining Unicode char U+00BA (decimal 186)
   defining Unicode char U+02C6 (decimal 710)
   defining Unicode char U+02DC (decimal 732)
   defining Unicode char U+200C (decimal 8204)
   defining Unicode char U+2026 (decimal 8230)
   defining Unicode char U+2122 (decimal 8482)
   defining Unicode char U+2423 (decimal 9251)
))
(/usr/share/texmf/tex/latex/fancyhdr/fancyhdr.sty
\fancy@headwidth=\skip52
\f@ncyO@elh=\skip53
\f@ncyO@erh=\skip54
\f@ncyO@olh=\skip55
\f@ncyO@orh=\skip56
\f@ncyO@elf=\skip57
\f@ncyO@erf=\skip58
\f@ncyO@olf=\skip59
\f@ncyO@orf=\skip60
)
(/usr/share/texmf/tex/latex/psnfss/times.sty
Package: times 2005/04/12 PSNFSS-v9.2a (SPQR) 
)
(/usr/share/texmf/tex/latex/graphics/graphicx.sty
Package: graphicx 1999/02/16 v1.0f Enhanced LaTeX Graphics (DPC,SPQR)

(/usr/share/texmf/tex/latex/graphics/graphics.sty
Package: graphics 2009/02/05 v1.0o Standard LaTeX Graphics (DPC,SPQR)

(/usr/share/texmf/tex/latex/graphics/trig.sty
Package: trig 1999/03/16 v1.09 sin cos tan (DPC)
)
(/usr/share/texmf/tex/latex/latexconfig/graphics.cfg
File: graphics.cfg 2010/04/23 v1.9 graphics configuration of TeX Live
)
Package graphics Info: Driver file: pdftex.def on input line 91.

(/usr/share/texmf/tex/latex/pdftex-def/pdftex.def
File: pdftex.def 2010/02/14 v0.04n Graphics/color for pdfTeX
\Gread@gobject=\count116
))
\Gin@req@height=\dimen126
\Gin@req@width=\dimen127
) (./Rapport.aux)
\openout1 = `Rapport.aux'.

LaTeX Font Info:    Checking defaults for OML/cmm/m/it on input line 43.
LaTeX Font Info:    ... okay on input line 43.
LaTeX Font Info:    Checking defaults for T1/cmr/m/n on input line 43.
LaTeX Font Info:    ... okay on input line 43.
LaTeX Font Info:    Checking defaults for OT1/cmr/m/n on input line 43.
LaTeX Font Info:    ... okay on input line 43.
LaTeX Font Info:    Checking defaults for OMS/cmsy/m/n on input line 43.
LaTeX Font Info:    ... okay on input line 43.
LaTeX Font Info:    Checking defaults for OMX/cmex/m/n on input line 43.
LaTeX Font Info:    ... okay on input line 43.
LaTeX Font Info:    Checking defaults for U/cmr/m/n on input line 43.
LaTeX Font Info:    ... okay on input line 43.
LaTeX Font Info:    Checking defaults for PD1/pdf/m/n on input line 43.
LaTeX Font Info:    ... okay on input line 43.
LaTeX Font Info:    Try loading font information for OT1+ptm on input line 43.

(/usr/share/texmf/tex/latex/psnfss/ot1ptm.fd
File: ot1ptm.fd 2001/06/04 font definitions for OT1/ptm.
)
\AtBeginShipoutBox=\box54

(/usr/share/texmf/tex/latex/graphics/color.sty
Package: color 2005/11/14 v1.0j Standard LaTeX Color (DPC)

(/usr/share/texmf/tex/latex/latexconfig/color.cfg
File: color.cfg 2007/01/18 v1.5 color configuration of teTeX/TeXLive
)
Package color Info: Driver file: pdftex.def on input line 130.
)
Package hyperref Info: Link coloring ON on input line 43.

(/usr/share/texmf/tex/latex/hyperref/nameref.sty
Package: nameref 2010/04/30 v2.40 Cross-referencing by name of section

(/usr/share/texmf/tex/latex/oberdiek/refcount.sty
Package: refcount 2008/08/11 v3.1 Data extraction from references (HO)
)
(/usr/share/texmf/tex/generic/oberdiek/gettitlestring.sty
Package: gettitlestring 2009/12/18 v1.3 Cleanup title references (HO)
)
\c@section@level=\count117
)
LaTeX Info: Redefining \ref on input line 43.
LaTeX Info: Redefining \pageref on input line 43.
LaTeX Info: Redefining \nameref on input line 43.
 (./Rapport.out)
(./Rapport.out)
\@outlinefile=\write3
\openout3 = `Rapport.out'.

 (/usr/share/texmf/tex/context/base/supp-pdf.mkii
[Loading MPS to PDF converter (version 2006.09.02).]
\scratchcounter=\count118
\scratchdimen=\dimen128
\scratchbox=\box55
\nofMPsegments=\count119
\nofMParguments=\count120
\everyMPshowfont=\toks30
\MPscratchCnt=\count121
\MPscratchDim=\dimen129
\MPnumerator=\count122
\everyMPtoPDFconversion=\toks31
) (/usr/share/texmf/tex/latex/oberdiek/epstopdf-base.sty
Package: epstopdf-base 2010/02/09 v2.5 Base part for package epstopdf

(/usr/share/texmf/tex/latex/oberdiek/grfext.sty
Package: grfext 2007/09/30 v1.0 Managing graphics extensions (HO)
)
Package grfext Info: Graphics extension search list:
(grfext)             [.png,.pdf,.jpg,.mps,.jpeg,.jbig2,.jb2,.PNG,.PDF,.JPG,.JPE
G,.JBIG2,.JB2,.eps]
(grfext)             \AppendGraphicsExtensions on input line 436.

(/usr/share/texmf/tex/latex/latexconfig/epstopdf-sys.cfg
File: epstopdf-sys.cfg 2010/07/13 v1.3 Configuration of (r)epstopdf for TeX Liv
e
))
LaTeX Font Info:    Font shape `OT1/ptm/bx/n' in size <12> not available
(Font)              Font shape `OT1/ptm/b/n' tried instead on input line 53.

Underfull \hbox (badness 10000) in paragraph at lines 52--54

 []

LaTeX Font Info:    Font shape `OT1/ptm/bx/n' in size <20.74> not available
(Font)              Font shape `OT1/ptm/b/n' tried instead on input line 56.
LaTeX Font Info:    Font shape `OT1/ptm/bx/n' in size <14.4> not available
(Font)              Font shape `OT1/ptm/b/n' tried instead on input line 57.
<title.pdf, id=221, 597.50786pt x 845.04686pt>
File: title.pdf Graphic file (type pdf)
 <use title.pdf> [1

{/var/lib/texmf/fonts/map/pdftex/updmap/pdftex.map} <./title.pdf>]
LaTeX Font Info:    Font shape `OT1/ptm/bx/n' in size <10> not available
(Font)              Font shape `OT1/ptm/b/n' tried instead on input line 87.
pdfTeX warning (ext4): destination with the same identifier (name{page.1}) has 
been already used, duplicate ignored
<to be read again> 
                   \relax 
l.93 \end{abstract}
                    [1]pdfTeX warning (ext4): destination with the same identif
ier (name{page.1}) has been already used, duplicate ignored
<to be read again> 
                   \relax 
l.101 \tableofcontents
                       [1]
LaTeX Font Info:    Font shape `OT1/ptm/bx/n' in size <24.88> not available
(Font)              Font shape `OT1/ptm/b/n' tried instead on input line 101.
 (./Rapport.toc
LaTeX Font Info:    Try loading font information for U+msa on input line 2.

(/usr/share/texmf/tex/latex/amsfonts/umsa.fd
File: umsa.fd 2009/06/22 v3.00 AMS symbols A
)
LaTeX Font Info:    Try loading font information for U+msb on input line 2.

(/usr/share/texmf/tex/latex/amsfonts/umsb.fd
File: umsb.fd 2009/06/22 v3.00 AMS symbols B
)
LaTeX Font Info:    Try loading font information for U+rsfs on input line 2.

(/usr/share/texmf/tex/latex/jknapltx/ursfs.fd
File: ursfs.fd 1998/03/24 rsfs font definition file (jk)
) [2

])
\tf@toc=\write4
\openout4 = `Rapport.toc'.

 [3]
Chapitre 1.
File: title.pdf Graphic file (type pdf)
<use title.pdf>pdfTeX warning (ext4): destination with the same identifier (nam
e{page.1}) has been already used, duplicate ignored
<to be read again> 
                   \relax 
l.120 \newpage
               [1

] <2_3_2_prosperetti.jpeg, id=316, 192.72pt x 229.95pt>
File: 2_3_2_prosperetti.jpeg Graphic file (type jpg)

<use 2_3_2_prosperetti.jpeg>pdfTeX warning (ext4): destination with the same id
entifier (name{page.2}) has been already used, duplicate ignored
<to be read again> 
                   \relax 
l.143 \newpage
               [2 <./2_3_2_prosperetti.jpeg>]
<2_3_2_contrainte_Prosperetti.jpeg, id=332, 176.66pt x 131.4pt>
File: 2_3_2_contrainte_Prosperetti.jpeg Graphic file (type jpg)

<use 2_3_2_contrainte_Prosperetti.jpeg>
<experience.jpg, id=335, 84.315pt x 147.06944pt>
File: experience.jpg Graphic file (type jpg)
 <use experience.jpg>

LaTeX Warning: `!h' float specifier changed to `!ht'.

pdfTeX warning (ext4): destination with the same identifier (name{page.3}) has 
been already used, duplicate ignored
<to be read again> 
                   \relax 
l.168 \newpage
               [3 <./2_3_2_contrainte_Prosperetti.jpeg>] [4 <./experience.jpg>]
Chapitre 2.
<1.pdf, id=350, 597.50786pt x 845.04686pt>
File: 1.pdf Graphic file (type pdf)
 <use 1.pdf> [5

 <./1.pdf>]
Overfull \hbox (5.42342pt too wide) in paragraph at lines 267--267
[] 
 []

[6] [7] [8] <2_3_1_mode_3.pdf, id=389, 361.35pt x 216.81pt>
File: 2_3_1_mode_3.pdf Graphic file (type pdf)

<use 2_3_1_mode_3.pdf> [9 <./2_3_1_mode_3.pdf>]
<2_3_1_potentiel_de_vitesse.jpeg, id=404, 478.588pt x 345.74625pt>
File: 2_3_1_potentiel_de_vitesse.jpeg Graphic file (type jpg)

<use 2_3_1_potentiel_de_vitesse.jpeg>
<2_3_1_champ_de_vitesse.jpeg, id=405, 478.588pt x 345.74625pt>
File: 2_3_1_champ_de_vitesse.jpeg Graphic file (type jpg)

<use 2_3_1_champ_de_vitesse.jpeg>

LaTeX Warning: `!h' float specifier changed to `!ht'.

<2_3_1_pression.jpeg, id=406, 478.588pt x 345.74625pt>
File: 2_3_1_pression.jpeg Graphic file (type jpg)

<use 2_3_1_pression.jpeg>

LaTeX Warning: `!h' float specifier changed to `!ht'.

<2_3_1_ETA_SPHERE.pdf, id=407, 361.35pt x 216.81pt>
File: 2_3_1_ETA_SPHERE.pdf Graphic file (type pdf)
 <use 2_3_1_ETA_SPHERE.pdf>

LaTeX Warning: `!h' float specifier changed to `!ht'.

[10 <./2_3_1_potentiel_de_vitesse.jpeg>]
File: 2_3_2_prosperetti.jpeg Graphic file (type jpg)
 <use 2_3_2_prosperetti.jpeg>

LaTeX Warning: `!h' float specifier changed to `!ht'.

[11 <./2_3_1_champ_de_vitesse.jpeg> <./2_3_1_pression.jpeg> <./2_3_1_ETA_SPHERE
.pdf>] <2_3_2_mesh.pdf, id=431, 597.50786pt x 845.04686pt>
File: 2_3_2_mesh.pdf Graphic file (type pdf)

<use 2_3_2_mesh.pdf> [12 <./2_3_2_mesh.pdf>]
Overfull \hbox (0.785pt too wide) in paragraph at lines 667--690
[]\OT1/ptm/m/n/10 Ensuite, on fait une com-para-i-son des fr[]equences obtenues
 avec les donn[]ees de A. Pros-peretti, o[]u la fr[]equence
 []

File: 2_3_2_contrainte_Prosperetti.jpeg Graphic file (type jpg)
<use 2_3_2_contrainte_Prosperetti.jpeg>
<2_3_2_contrainte_FreeFem.pdf, id=442, 361.35pt x 216.81pt>
File: 2_3_2_contrainte_FreeFem.pdf Graphic file (type pdf)

<use 2_3_2_contrainte_FreeFem.pdf> [13]
File: 2_3_1_potentiel_de_vitesse.jpeg Graphic file (type jpg)
 <use 2_3_1_potentiel_de_vitesse.jpeg>
Overfull \hbox (14.22638pt too wide) in paragraph at lines 722--723
 [][] 
 []

<2_3_2_potentiel_de_vitesse.jpeg, id=450, 337.26pt x 344.925pt>
File: 2_3_2_potentiel_de_vitesse.jpeg Graphic file (type jpg)

<use 2_3_2_potentiel_de_vitesse.jpeg>
Overfull \hbox (1.90001pt too wide) in paragraph at lines 720--732
[]$[]$ $[]$ 
 []

File: 2_3_1_champ_de_vitesse.jpeg Graphic file (type jpg)
<use 2_3_1_champ_de_vitesse.jpeg>
Overfull \hbox (14.22638pt too wide) in paragraph at lines 738--739
 [][] 
 []

<2_3_2_champ_de_vitesse.jpeg, id=451, 337.26pt x 344.925pt>
File: 2_3_2_champ_de_vitesse.jpeg Graphic file (type jpg)

<use 2_3_2_champ_de_vitesse.jpeg>
Overfull \hbox (1.90001pt too wide) in paragraph at lines 736--748
[]$[]$ $[]$ 
 []

File: 2_3_1_pression.jpeg Graphic file (type jpg)
<use 2_3_1_pression.jpeg>
Overfull \hbox (14.22638pt too wide) in paragraph at lines 752--753
 [][] 
 []

<2_3_2_pression.jpeg, id=452, 337.26pt x 344.925pt>
File: 2_3_2_pression.jpeg Graphic file (type jpg)
 <use 2_3_2_pression.jpeg>
Overfull \hbox (1.90001pt too wide) in paragraph at lines 750--762
[]$[]$ $[]$ 
 []

File: 2_3_1_ETA_SPHERE.pdf Graphic file (type pdf)
<use 2_3_1_ETA_SPHERE.pdf> <2_3_2_ETA_SPHERE.pdf, id=453, 361.35pt x 216.81pt>
File: 2_3_2_ETA_SPHERE.pdf Graphic file (type pdf)

<use 2_3_2_ETA_SPHERE.pdf>
Overfull \hbox (1.90001pt too wide) in paragraph at lines 764--776
[]$[]$ $[]$ 
 []

[14 <./2_3_2_contrainte_FreeFem.pdf>] [15 <./2_3_2_potentiel_de_vitesse.jpeg> <
./2_3_2_champ_de_vitesse.jpeg>] [16 <./2_3_2_pression.jpeg> <./2_3_2_ETA_SPHERE
.pdf>] <2_3_3_Bulle.jpeg, id=493, 337.26pt x 344.925pt>
File: 2_3_3_Bulle.jpeg Graphic file (type jpg)
 <use 2_3_3_Bulle.jpeg>
[17 <./2_3_3_Bulle.jpeg>]
<2_3_4_contrainte_Prosperetti.jpeg, id=500, 185.493pt x 137.14874pt>
File: 2_3_4_contrainte_Prosperetti.jpeg Graphic file (type jpg)

<use 2_3_4_contrainte_Prosperetti.jpeg>
<2_3_4_contrainte_FreeFem.pdf, id=501, 361.35pt x 216.81pt>
File: 2_3_4_contrainte_FreeFem.pdf Graphic file (type pdf)

<use 2_3_4_contrainte_FreeFem.pdf> [18 <./2_3_4_contrainte_Prosperetti.jpeg> <.
/2_3_4_contrainte_FreeFem.pdf>]
Chapitre 3.
<3_1_1.pdf, id=516, 597.50786pt x 845.04686pt>
File: 3_1_1.pdf Graphic file (type pdf)
 <use 3_1_1.pdf> [19

 <./3_1_1.pdf>]
Overfull \hbox (4.4019pt too wide) in alignment at lines 943--957
 [][][] []
 []

[20] [21] [22] [23]
<3_3_1_potentiel_de_vitesse_2.jpeg, id=556, 337.26pt x 344.925pt>
File: 3_3_1_potentiel_de_vitesse_2.jpeg Graphic file (type jpg)

<use 3_3_1_potentiel_de_vitesse_2.jpeg>
<3_3_1_potentiel_de_vitesse_3.jpeg, id=557, 337.26pt x 344.925pt>
File: 3_3_1_potentiel_de_vitesse_3.jpeg Graphic file (type jpg)

<use 3_3_1_potentiel_de_vitesse_3.jpeg>
Overfull \hbox (1.90001pt too wide) in paragraph at lines 1152--1164
[]$[]$ $[]$ 
 []

<3_3_1_champ_de_vitesse_2.jpeg, id=558, 337.26pt x 344.925pt>
File: 3_3_1_champ_de_vitesse_2.jpeg Graphic file (type jpg)

<use 3_3_1_champ_de_vitesse_2.jpeg>
<3_3_1_champ_de_vitesse_3.jpeg, id=559, 337.26pt x 344.925pt>
File: 3_3_1_champ_de_vitesse_3.jpeg Graphic file (type jpg)

<use 3_3_1_champ_de_vitesse_3.jpeg>
Overfull \hbox (1.90001pt too wide) in paragraph at lines 1166--1178
[]$[]$ $[]$ 
 []

[24 <./3_3_1_potentiel_de_vitesse_2.jpeg> <./3_3_1_potentiel_de_vitesse_3.jpeg>
 <./3_3_1_champ_de_vitesse_2.jpeg> <./3_3_1_champ_de_vitesse_3.jpeg>]
<3_3_2_mesh.pdf, id=568, 597.50786pt x 845.04686pt>
File: 3_3_2_mesh.pdf Graphic file (type pdf)
 <use 3_3_2_mesh.pdf>
[25 <./3_3_2_mesh.pdf>] [26]
Chapitre 4.

Package pdftex.def Warning: Option `bb' does not make sense,
(pdftex.def)                using `viewport' instead on input line 1252.

<HeptaneWaterApproxGamma_45.jpg, id=585, 1027.84pt x 1027.84pt>
File: HeptaneWaterApproxGamma_45.jpg Graphic file (type jpg)

<use HeptaneWaterApproxGamma_45.jpg> [27

 <./HeptaneWaterApproxGamma_45.jpg>]
<4_1_1.jpeg, id=595, 337.26pt x 344.925pt>
File: 4_1_1.jpeg Graphic file (type jpg)
 <use 4_1_1.jpeg>
Underfull \hbox (badness 10000) in paragraph at lines 1269--1285

 []

[28 <./4_1_1.jpeg>] <4_1_1_zoom.jpeg, id=603, 337.26pt x 344.925pt>
File: 4_1_1_zoom.jpeg Graphic file (type jpg)

<use 4_1_1_zoom.jpeg>
Overfull \hbox (60.77744pt too wide) in alignment at lines 1309--1322
 [][][] []
 []

[29 <./4_1_1_zoom.jpeg>] <5.pdf, id=610, 597.50786pt x 845.04686pt>
File: 5.pdf Graphic file (type pdf)

<use 5.pdf>
Underfull \hbox (badness 10000) in paragraph at lines 1343--1345

 []


Underfull \hbox (badness 10000) in paragraph at lines 1347--1349

 []

[30 <./5.pdf>]
Underfull \hbox (badness 10000) in paragraph at lines 1355--1357

 []


Underfull \hbox (badness 10000) in paragraph at lines 1359--1363

 []


Underfull \hbox (badness 10000) in paragraph at lines 1365--1368

 []


Underfull \hbox (badness 10000) in paragraph at lines 1370--1372

 []

[31]
Overfull \hbox (37.83543pt too wide) in alignment at lines 1411--1425
 [][][] []
 []


Overfull \hbox (62.50731pt too wide) in alignment at lines 1433--1444
 [][][] []
 []

[32]

Package hyperref Warning: Token not allowed in a PDF string (PDFDocEncoding):
(hyperref)                removing `math shift' on input line 1470.


Package hyperref Warning: Token not allowed in a PDF string (PDFDocEncoding):
(hyperref)                removing `math shift' on input line 1470.


Package hyperref Warning: Token not allowed in a PDF string (PDFDocEncoding):
(hyperref)                removing `math shift' on input line 1490.


Package hyperref Warning: Token not allowed in a PDF string (PDFDocEncoding):
(hyperref)                removing `math shift' on input line 1490.


Overfull \hbox (46.92328pt too wide) in paragraph at lines 1498--1515
 [] 
 []

[33]
Chapitre 5.
[34

]
Chapitre 6.
File: 5.pdf Graphic file (type pdf)
<use 5.pdf> [35

] [36] [37]

Package hyperref Warning: Token not allowed in a PDF string (PDFDocEncoding):
(hyperref)                removing `math shift' on input line 1722.


Package hyperref Warning: Token not allowed in a PDF string (PDFDocEncoding):
(hyperref)                removing `math shift' on input line 1722.


Overfull \hbox (21.11551pt too wide) in paragraph at lines 1767--1768
[]\OT1/ptm/m/n/10 On part d'un mail-lage cor-re-spon-dant []a une forme ap-prox
-i-ma-tive de la bulle (par ex-em-ple un d[]eveloppement
 []

[38]
Overfull \hbox (0.56258pt too wide) in paragraph at lines 1777--1778
[]\OT1/ptm/m/n/10 On con-struit un champ de vecteurs $\OT1/cmr/bx/n/10 U$\OT1/p
tm/m/n/10 , d[]efini []a l'int[]erieur du do-maine, cor-re-spon-dant []a un d[]
eplacement
 []

LaTeX Font Info:    Try loading font information for OT1+pcr on input line 1784
.
(/usr/share/texmf/tex/latex/psnfss/ot1pcr.fd
File: ot1pcr.fd 2001/06/04 font definitions for OT1/pcr.
) [39] [40]
Package atveryend Info: Empty hook `BeforeClearDocument' on input line 1848.
 [41

]
Package atveryend Info: Empty hook `AfterLastShipout' on input line 1848.
 (./Rapport.aux)
Package atveryend Info: Executing hook `AtVeryEndDocument' on input line 1848.
Package rerunfilecheck Info: File `Rapport.out' has not changed.
(rerunfilecheck)             Checksum: 7DA9D3C64AFB39AEFBEC0B1EF9A797DA;4242.
 ) 
Here is how much of TeX's memory you used:
 6688 strings out of 493747
 93660 string characters out of 3148626
 192227 words of memory out of 3500000
 9588 multiletter control sequences out of 15000+200000
 35993 words of font info for 93 fonts, out of 3000000 for 9000
 714 hyphenation exceptions out of 8191
 31i,17n,43p,891b,438s stack positions out of 5000i,500n,10000p,200000b,50000s
{/usr/share/texmf/fonts/enc/dvips/base/8r.enc}</usr/share/texmf/fonts/type1/p
ublic/amsfonts/cm/cmbx10.pfb></usr/share/texmf/fonts/type1/public/amsfonts/cm/c
mbx5.pfb></usr/share/texmf/fonts/type1/public/amsfonts/cm/cmbx7.pfb></usr/share
/texmf/fonts/type1/public/amsfonts/cm/cmex10.pfb></usr/share/texmf/fonts/type1/
public/amsfonts/cm/cmmi10.pfb></usr/share/texmf/fonts/type1/public/amsfonts/cm/
cmmi12.pfb></usr/share/texmf/fonts/type1/public/amsfonts/cm/cmmi5.pfb></usr/sha
re/texmf/fonts/type1/public/amsfonts/cm/cmmi7.pfb></usr/share/texmf/fonts/type1
/public/amsfonts/cm/cmmib10.pfb></usr/share/texmf/fonts/type1/public/amsfonts/c
mextra/cmmib7.pfb></usr/share/texmf/fonts/type1/public/amsfonts/cm/cmr10.pfb></
usr/share/texmf/fonts/type1/public/amsfonts/cm/cmr12.pfb></usr/share/texmf/font
s/type1/public/amsfonts/cm/cmr5.pfb></usr/share/texmf/fonts/type1/public/amsfon
ts/cm/cmr7.pfb></usr/share/texmf/fonts/type1/public/amsfonts/cm/cmsy10.pfb></us
r/share/texmf/fonts/type1/public/amsfonts/cm/cmsy7.pfb></usr/share/texmf/fonts/
type1/public/rsfs/rsfs10.pfb></usr/share/texmf/fonts/type1/urw/courier/ucrr8a.p
fb></usr/share/texmf/fonts/type1/urw/times/utmb8a.pfb></usr/share/texmf/fonts/t
ype1/urw/times/utmr8a.pfb></usr/share/texmf/fonts/type1/urw/times/utmr8a.pfb></
usr/share/texmf/fonts/type1/urw/times/utmri8a.pfb>
Output written on Rapport.pdf (46 pages, 1221729 bytes).
PDF statistics:
 807 PDF objects out of 1000 (max. 8388607)
 685 compressed objects within 7 object streams
 185 named destinations out of 1000 (max. 500000)
 578 words of extra memory for PDF output out of 10000 (max. 10000000)

