This is pdfTeX, Version 3.1415926-1.40.10 (TeX Live 2009) (format=latex 2009.12.8)  16 JAN 2014 13:58
entering extended mode
 %&-line parsing enabled.
**LiquidBridges.tex
(./LiquidBridges.tex
LaTeX2e <2009/09/24>
Babel <v3.8l> and hyphenation patterns for english, usenglishmax, dumylang, noh
yphenation, german-x-2009-06-19, ngerman-x-2009-06-19, ancientgreek, ibycus, ar
abic, basque, bulgarian, catalan, pinyin, coptic, croatian, czech, danish, dutc
h, esperanto, estonian, farsi, finnish, french, galician, german, ngerman, mono
greek, greek, hungarian, icelandic, indonesian, interlingua, irish, italian, ku
rmanji, latin, latvian, lithuanian, mongolian, mongolian2a, bokmal, nynorsk, po
lish, portuguese, romanian, russian, sanskrit, serbian, slovak, slovenian, span
ish, swedish, turkish, ukenglish, ukrainian, uppersorbian, welsh, loaded.
(./jfm.cls
Document Class: jfm 2006/11/13 v1.27 Journal of Fluid Mechanics document class
\halflineskip=\skip41
\affilskip=\skip42
\c@part=\count79
\c@section=\count80
\c@subsection=\count81
\c@subsubsection=\count82
\c@paragraph=\count83
\@indentskip=\skip43
\smallindent=\skip44
\@footindent=\skip45
\@leftskip=\skip46
\proofbox=\box26
\rpbdim=\skip47
\@stequation=\toks14
\c@subequation=\count84
\c@table=\count85
\c@figure=\count86
LaTeX Info: Redefining \cite on input line 1072.
) (/usr/local/texlive/2009/texmf-dist/tex/latex/base/fontenc.sty
Package: fontenc 2005/09/27 v1.99g Standard LaTeX package

(/usr/local/texlive/2009/texmf-dist/tex/latex/base/t1enc.def
File: t1enc.def 2005/09/27 v1.99g Standard LaTeX file
LaTeX Font Info:    Redeclaring font encoding T1 on input line 43.
))
(/usr/local/texlive/2009/texmf-dist/tex/latex/graphics/graphicx.sty
Package: graphicx 1999/02/16 v1.0f Enhanced LaTeX Graphics (DPC,SPQR)

(/usr/local/texlive/2009/texmf-dist/tex/latex/graphics/keyval.sty
Package: keyval 1999/03/16 v1.13 key=value parser (DPC)
\KV@toks@=\toks15
)
(/usr/local/texlive/2009/texmf-dist/tex/latex/graphics/graphics.sty
Package: graphics 2009/02/05 v1.0o Standard LaTeX Graphics (DPC,SPQR)

(/usr/local/texlive/2009/texmf-dist/tex/latex/graphics/trig.sty
Package: trig 1999/03/16 v1.09 sin cos tan (DPC)
)
(/usr/local/texlive/2009/texmf-dist/tex/latex/latexconfig/graphics.cfg
File: graphics.cfg 2009/08/28 v1.8 graphics configuration of TeX Live
)
Package graphics Info: Driver file: dvips.def on input line 91.

(/usr/local/texlive/2009/texmf-dist/tex/latex/graphics/dvips.def
File: dvips.def 1999/02/16 v3.0i Driver-dependant file (DPC,SPQR)
))
\Gin@req@height=\dimen102
\Gin@req@width=\dimen103
)
(/usr/local/texlive/2009/texmf-dist/tex/latex/natbib/natbib.sty
Package: natbib 2009/07/16 8.31 (PWD, AO)
\bibhang=\skip48
\bibsep=\skip49
LaTeX Info: Redefining \cite on input line 694.
\c@NAT@ctr=\count87
)
(/usr/local/texlive/2009/texmf-dist/tex/generic/dvips/rotate.sty
\@rotdimen=\dimen104
\@rotbox=\box27
)
(/usr/local/texlive/2009/texmf-dist/tex/latex/oberdiek/epstopdf.sty
Package: epstopdf 2009/10/17 v2.4 Conversion with epstopdf on the fly (HO)

(/usr/local/texlive/2009/texmf-dist/tex/latex/oberdiek/epstopdf-base.sty
Package: epstopdf-base 2009/10/17 v2.4 Base part for package epstopdf

(/usr/local/texlive/2009/texmf-dist/tex/generic/oberdiek/infwarerr.sty
Package: infwarerr 2007/09/09 v1.2 Providing info/warning/message (HO)
)
(/usr/local/texlive/2009/texmf-dist/tex/latex/oberdiek/grfext.sty
Package: grfext 2007/09/30 v1.0 Managing graphics extensions (HO)
)
(/usr/local/texlive/2009/texmf-dist/tex/latex/oberdiek/kvoptions.sty
Package: kvoptions 2009/08/13 v3.4 Keyval support for LaTeX options (HO)

(/usr/local/texlive/2009/texmf-dist/tex/generic/oberdiek/kvsetkeys.sty
Package: kvsetkeys 2009/07/30 v1.5 Key value parser with default handler suppor
t (HO)

(/usr/local/texlive/2009/texmf-dist/tex/generic/oberdiek/etexcmds.sty
Package: etexcmds 2007/12/12 v1.2 Prefix for e-TeX command names (HO)
Package etexcmds Info: Could not find \expanded.
(etexcmds)             That can mean that you are not using pdfTeX 1.50 or
(etexcmds)             that some package has redefined \expanded.
(etexcmds)             In the latter case, load this package earlier.
)))
(/usr/local/texlive/2009/texmf-dist/tex/generic/oberdiek/pdftexcmds.sty
Package: pdftexcmds 2009/09/23 v0.6 LuaTeX support for pdfTeX utility functions
 (HO)

(/usr/local/texlive/2009/texmf-dist/tex/generic/oberdiek/ifluatex.sty
Package: ifluatex 2009/04/17 v1.2 Provides the ifluatex switch (HO)
Package ifluatex Info: LuaTeX not detected.
)
(/usr/local/texlive/2009/texmf-dist/tex/generic/oberdiek/ltxcmds.sty
Package: ltxcmds 2009/08/05 v1.0 Some LaTeX kernel commands for general use (HO
)
)
Package pdftexcmds Info: LuaTeX not detected.
Package pdftexcmds Info: \pdf@primitive is available.
Package pdftexcmds Info: \pdf@ifprimitive is available.
)

Package epstopdf Warning: Other drivers than `pdftex.def' are not supported.

)) (/usr/local/texlive/2009/texmf-dist/tex/latex/pstricks/pstricks.sty
Package: pstricks 2008/11/26 v0.40 LaTeX wrapper for `PSTricks' (RN,HV)

(/usr/local/texlive/2009/texmf-dist/tex/generic/pstricks/pstricks.tex
`PSTricks' v1.29  <2009/05/19> (tvz)
\pst@dima=\dimen105
\pst@dimb=\dimen106
\pst@dimc=\dimen107
\pst@dimd=\dimen108
\pst@dimg=\dimen109
\pst@dimh=\dimen110
\pst@hbox=\box28
\pst@boxg=\box29
\pst@cnta=\count88
\pst@cntb=\count89
\pst@cntc=\count90
\pst@cntd=\count91
\pst@cntg=\count92
\pst@cnth=\count93
\pst@toks=\toks16
(/usr/local/texlive/2009/texmf-dist/tex/generic/pstricks/pstricks.con)
\psunit=\dimen111
\psxunit=\dimen112
\psyunit=\dimen113
\pslinewidth=\dimen114
\pst@customdefs=\toks17
\pslinearc=\dimen115
\everypsbox=\toks18
\psframesep=\dimen116
\pslabelsep=\dimen117
\pst@shift=\dimen118
\theoverlaybox=\box30
)
File: pstricks.tex 2009/05/19 v1.29 `PSTricks' (tvz,hv)

(/usr/local/texlive/2009/texmf-dist/tex/latex/xcolor/xcolor.sty
Package: xcolor 2007/01/21 v2.11 LaTeX color extensions (UK)

(/usr/local/texlive/2009/texmf-dist/tex/latex/latexconfig/color.cfg
File: color.cfg 2007/01/18 v1.5 color configuration of teTeX/TeXLive
)
Package xcolor Info: Driver file: dvips.def on input line 225.
Package xcolor Info: Model `cmy' substituted by `cmy0' on input line 1337.
Package xcolor Info: Model `RGB' extended on input line 1353.
Package xcolor Info: Model `HTML' substituted by `rgb' on input line 1355.
Package xcolor Info: Model `Hsb' substituted by `hsb' on input line 1356.
Package xcolor Info: Model `tHsb' substituted by `hsb' on input line 1357.
Package xcolor Info: Model `HSB' substituted by `hsb' on input line 1358.
Package xcolor Info: Model `Gray' substituted by `gray' on input line 1359.
Package xcolor Info: Model `wave' substituted by `hsb' on input line 1360.
))


Found AMS Euler Roman fonts on the system, but you dont seem to have the
'upmath' package installed. JFM.cls can take advantage of these fonts,
if you use 'upmath' package.




Found AMS Symbol fonts on the system, using the 'amssymb' package.

(/usr/local/texlive/2009/texmf-dist/tex/latex/amsfonts/amssymb.sty
Package: amssymb 2009/06/22 v3.00

(/usr/local/texlive/2009/texmf-dist/tex/latex/amsfonts/amsfonts.sty
Package: amsfonts 2009/06/22 v3.00 Basic AMSFonts support
\@emptytoks=\toks19
\symAMSa=\mathgroup4
\symAMSb=\mathgroup5
LaTeX Font Info:    Overwriting math alphabet `\mathfrak' in version `bold'
(Font)                  U/euf/m/n --> U/euf/b/n on input line 96.
))

Found the 'amsbsy' package on the system, using it.

(/usr/local/texlive/2009/texmf-dist/tex/latex/amsmath/amsbsy.sty
Package: amsbsy 1999/11/29 v1.2d

(/usr/local/texlive/2009/texmf-dist/tex/latex/amsmath/amsgen.sty
File: amsgen.sty 1999/11/30 v2.0
\@emptytoks=\toks20
\ex@=\dimen119
)
\pmbraise@=\dimen120
)
\astrutbox=\box31
\c@lemma=\count94
\c@corollary=\count95

(./LiquidBridges.aux)
\openout1 = `LiquidBridges.aux'.

LaTeX Font Info:    Checking defaults for OML/cmm/m/it on input line 171.
LaTeX Font Info:    ... okay on input line 171.
LaTeX Font Info:    Checking defaults for T1/cmr/m/n on input line 171.
LaTeX Font Info:    ... okay on input line 171.
LaTeX Font Info:    Checking defaults for OT1/cmr/m/n on input line 171.
LaTeX Font Info:    ... okay on input line 171.
LaTeX Font Info:    Checking defaults for OMS/cmsy/m/n on input line 171.
LaTeX Font Info:    ... okay on input line 171.
LaTeX Font Info:    Checking defaults for OMX/cmex/m/n on input line 171.
LaTeX Font Info:    ... okay on input line 171.
LaTeX Font Info:    Checking defaults for U/cmr/m/n on input line 171.
LaTeX Font Info:    ... okay on input line 171.
 (./LiquidBridges.toc
LaTeX Font Info:    Try loading font information for U+msa on input line 2.

(/usr/local/texlive/2009/texmf-dist/tex/latex/amsfonts/umsa.fd
File: umsa.fd 2009/06/22 v3.00 AMS symbols A
)
LaTeX Font Info:    Try loading font information for U+msb on input line 2.

(/usr/local/texlive/2009/texmf-dist/tex/latex/amsfonts/umsb.fd
File: umsb.fd 2009/06/22 v3.00 AMS symbols B
))
\tf@toc=\write3
\openout3 = `LiquidBridges.toc'.

LaTeX Font Info:    Try loading font information for T1+cmtt on input line 189.


(/usr/local/texlive/2009/texmf-dist/tex/latex/base/t1cmtt.fd
File: t1cmtt.fd 1999/05/25 v2.5h Standard LaTeX font definitions
)
Overfull \hbox (13.86206pt too wide) in paragraph at lines 193--194
[]\T1/cmr/m/n/10 Once the ra-tio $\OML/cmm/m/it/10 L=a$\T1/cmr/m/n/10 is fixed,
 the equi-lib-rium shapes form a fam-ily which can be parametrized
 []


Underfull \hbox (badness 10000) has occurred while \output is active

 []

[1]
File: VPBridges_L1_3.eps Graphic file (type eps)
 <VPBridges_L1_3.eps>
File: VPBridges_L2.eps Graphic file (type eps)
 <VPBridges_L2.eps>
File: VPBridges_L4.eps Graphic file (type eps)
 <VPBridges_L4.eps>
File: VPBridges_L6.eps Graphic file (type eps)

<VPBridges_L6.eps>
File: ShapeBridges_L1_3.eps Graphic file (type eps)
 <ShapeBridges_L1_3.eps>
File: ShapeBridges_L2.eps Graphic file (type eps)
 <ShapeBridges_L2.eps>
File: ShapeBridges_L6.eps Graphic file (type eps)

<ShapeBridges_L6.eps>
Underfull \vbox (badness 6893) has occurred while \output is active []

 [2]
File: Eigenvals_TestL4.eps Graphic file (type eps)

<Eigenvals_TestL4.eps> [3] [4] [5

] [6] [7]
Missing character: There is no   in font cmr10!
 (./Curvature.pstex_t
File: Curvature.pstex Graphic file (type eps)

<Curvature.pstex>)
Overfull \hbox (5.06909pt too wide) in paragraph at lines 3--554
[][][] 
 []

[8] [9]
Overfull \hbox (2.23799pt too wide) in paragraph at lines 630--633
[]\T1/cmr/m/n/10 Dans cette ex-pres-sion, $\OML/cmm/m/it/10 ^^O$ \T1/cmr/m/n/10
 est un pe-tit paramètre, et la fonc-tion $\OML/cmm/m/it/10 ^^Q$ \T1/cmr/m/n/10
 cor-re-spond à l'amplitude
 []

[10] [11] [12] [13] (./LiquidBridges.aux) ) 
Here is how much of TeX's memory you used:
 3432 strings out of 493849
 40810 string characters out of 3149230
 113497 words of memory out of 3000000
 6637 multiletter control sequences out of 15000+200000
 21013 words of font info for 59 fonts, out of 3000000 for 9000
 714 hyphenation exceptions out of 8191
 41i,11n,37p,501b,351s stack positions out of 5000i,500n,10000p,200000b,50000s

Output written on LiquidBridges.dvi (13 pages, 43080 bytes).
